<?xml version="1.0" encoding="UTF-8"?>
<coverage generated="1607070031041" clover="3.2.0">
  <project timestamp="1607070031041" name="All files">
    <metrics statements="393" coveredstatements="348" conditionals="253" coveredconditionals="202" methods="127" coveredmethods="112" elements="773" coveredelements="662" complexity="0" loc="393" ncloc="393" packages="1" files="10" classes="10"/>
    <file name="Router-dom.tsx" path="/Users/jokcylou/workspace/personal/svuex/lib/Router-dom.tsx">
      <metrics statements="64" coveredstatements="54" conditionals="38" coveredconditionals="30" methods="26" coveredmethods="18"/>
      <line num="1" count="16" type="stmt"/>
      <line num="23" count="16" type="stmt"/>
      <line num="24" count="16" type="stmt"/>
      <line num="33" count="16" type="stmt"/>
      <line num="45" count="32" type="stmt"/>
      <line num="50" count="2" type="stmt"/>
      <line num="51" count="2" type="stmt"/>
      <line num="52" count="2" type="stmt"/>
      <line num="57" count="2" type="stmt"/>
      <line num="62" count="2" type="stmt"/>
      <line num="63" count="2" type="cond" truecount="1" falsecount="1"/>
      <line num="64" count="2" type="stmt"/>
      <line num="65" count="1" type="stmt"/>
      <line num="66" count="1" type="stmt"/>
      <line num="71" count="3" type="stmt"/>
      <line num="86" count="16" type="stmt"/>
      <line num="92" count="16" type="stmt"/>
      <line num="95" count="6" type="cond" truecount="4" falsecount="0"/>
      <line num="98" count="16" type="stmt"/>
      <line num="118" count="16" type="stmt"/>
      <line num="121" count="13" type="stmt"/>
      <line num="122" count="13" type="stmt"/>
      <line num="123" count="13" type="stmt"/>
      <line num="124" count="13" type="stmt"/>
      <line num="125" count="13" type="stmt"/>
      <line num="128" count="9" type="stmt"/>
      <line num="129" count="9" type="stmt"/>
      <line num="130" count="9" type="cond" truecount="2" falsecount="0"/>
      <line num="131" count="9" type="cond" truecount="2" falsecount="0"/>
      <line num="137" count="5" type="stmt"/>
      <line num="142" count="5" type="cond" truecount="2" falsecount="0"/>
      <line num="145" count="5" type="stmt"/>
      <line num="148" count="13" type="stmt"/>
      <line num="149" count="13" type="stmt"/>
      <line num="151" count="13" type="cond" truecount="1" falsecount="1"/>
      <line num="153" count="13" type="stmt"/>
      <line num="180" count="16" type="stmt"/>
      <line num="190" count="0" type="stmt"/>
      <line num="191" count="0" type="stmt"/>
      <line num="192" count="0" type="stmt"/>
      <line num="194" count="0" type="stmt"/>
      <line num="207" count="0" type="stmt"/>
      <line num="208" count="0" type="cond" truecount="0" falsecount="2"/>
      <line num="211" count="0" type="stmt"/>
      <line num="219" count="1" type="stmt"/>
      <line num="230" count="1" type="stmt"/>
      <line num="231" count="1" type="stmt"/>
      <line num="233" count="1" type="stmt"/>
      <line num="237" count="1" type="stmt"/>
      <line num="240" count="10" type="stmt"/>
      <line num="241" count="2" type="stmt"/>
      <line num="243" count="2" type="stmt"/>
      <line num="247" count="2" type="stmt"/>
      <line num="249" count="2" type="stmt"/>
      <line num="250" count="2" type="cond" truecount="1" falsecount="1"/>
      <line num="251" count="0" type="stmt"/>
      <line num="252" count="0" type="stmt"/>
      <line num="257" count="2" type="stmt"/>
      <line num="260" count="1" type="stmt"/>
      <line num="285" count="5" type="cond" truecount="3" falsecount="1"/>
      <line num="287" count="5" type="stmt"/>
      <line num="293" count="3" type="stmt"/>
      <line num="294" count="3" type="stmt"/>
      <line num="296" count="0" type="cond" truecount="1" falsecount="1"/>
    </file>
    <file name="Router.tsx" path="/Users/jokcylou/workspace/personal/svuex/lib/Router.tsx">
      <metrics statements="22" coveredstatements="22" conditionals="0" coveredconditionals="0" methods="6" coveredmethods="6"/>
      <line num="2" count="16" type="stmt"/>
      <line num="10" count="16" type="stmt"/>
      <line num="11" count="16" type="stmt"/>
      <line num="19" count="16" type="stmt"/>
      <line num="27" count="50" type="stmt"/>
      <line num="28" count="50" type="stmt"/>
      <line num="29" count="50" type="stmt"/>
      <line num="34" count="50" type="stmt"/>
      <line num="39" count="50" type="stmt"/>
      <line num="40" count="4" type="stmt"/>
      <line num="43" count="50" type="stmt"/>
      <line num="44" count="54" type="stmt"/>
      <line num="45" count="54" type="stmt"/>
      <line num="66" count="16" type="stmt"/>
      <line num="85" count="60" type="stmt"/>
      <line num="86" count="60" type="stmt"/>
      <line num="87" count="64" type="stmt"/>
      <line num="88" count="64" type="stmt"/>
      <line num="91" count="60" type="stmt"/>
      <line num="93" count="60" type="stmt"/>
      <line num="94" count="65" type="stmt"/>
      <line num="100" count="64" type="stmt"/>
    </file>
    <file name="Routes.tsx" path="/Users/jokcylou/workspace/personal/svuex/lib/Routes.tsx">
      <metrics statements="156" coveredstatements="138" conditionals="109" coveredconditionals="83" methods="33" coveredmethods="31"/>
      <line num="12" count="16" type="stmt"/>
      <line num="14" count="16" type="stmt"/>
      <line num="15" count="16" type="stmt"/>
      <line num="16" count="16" type="stmt"/>
      <line num="27" count="16" type="stmt"/>
      <line num="28" count="16" type="stmt"/>
      <line num="45" count="520" type="stmt"/>
      <line num="47" count="520" type="stmt"/>
      <line num="53" count="149" type="stmt"/>
      <line num="54" count="149" type="stmt"/>
      <line num="58" count="520" type="cond" truecount="2" falsecount="0"/>
      <line num="59" count="29" type="cond" truecount="2" falsecount="0"/>
      <line num="60" count="16" type="stmt"/>
      <line num="62" count="29" type="stmt"/>
      <line num="63" count="29" type="stmt"/>
      <line num="64" count="491" type="cond" truecount="2" falsecount="0"/>
      <line num="65" count="277" type="stmt"/>
      <line num="68" count="520" type="cond" truecount="2" falsecount="0"/>
      <line num="70" count="520" type="cond" truecount="1" falsecount="1"/>
      <line num="71" count="520" type="stmt"/>
      <line num="73" count="520" type="stmt"/>
      <line num="77" count="70" type="stmt"/>
      <line num="78" count="70" type="stmt"/>
      <line num="80" count="0" type="stmt"/>
      <line num="87" count="0" type="stmt"/>
      <line num="99" count="2600" type="stmt"/>
      <line num="101" count="520" type="cond" truecount="1" falsecount="1"/>
      <line num="102" count="0" type="stmt"/>
      <line num="105" count="520" type="cond" truecount="3" falsecount="1"/>
      <line num="106" count="520" type="stmt"/>
      <line num="107" count="520" type="stmt"/>
      <line num="109" count="520" type="cond" truecount="2" falsecount="0"/>
      <line num="111" count="243" type="stmt"/>
      <line num="112" count="243" type="stmt"/>
      <line num="113" count="243" type="stmt"/>
      <line num="114" count="70" type="stmt"/>
      <line num="115" count="70" type="stmt"/>
      <line num="118" count="243" type="stmt"/>
      <line num="125" count="372" type="stmt"/>
      <line num="126" count="372" type="stmt"/>
      <line num="127" count="372" type="stmt"/>
      <line num="129" count="372" type="stmt"/>
      <line num="130" count="372" type="stmt"/>
      <line num="131" count="520" type="stmt"/>
      <line num="133" count="520" type="stmt"/>
      <line num="136" count="520" type="stmt"/>
      <line num="145" count="520" type="cond" truecount="2" falsecount="0"/>
      <line num="147" count="243" type="stmt"/>
      <line num="148" count="243" type="stmt"/>
      <line num="150" count="243" type="stmt"/>
      <line num="157" count="95" type="stmt"/>
      <line num="165" count="219" type="cond" truecount="10" falsecount="0"/>
      <line num="167" count="219" type="stmt"/>
      <line num="168" count="712" type="stmt"/>
      <line num="169" count="712" type="stmt"/>
      <line num="170" count="712" type="stmt"/>
      <line num="175" count="712" type="cond" truecount="2" falsecount="0"/>
      <line num="176" count="121" type="stmt"/>
      <line num="179" count="712" type="stmt"/>
      <line num="182" count="219" type="stmt"/>
      <line num="193" count="99" type="cond" truecount="4" falsecount="0"/>
      <line num="195" count="99" type="cond" truecount="2" falsecount="0"/>
      <line num="196" count="4" type="stmt"/>
      <line num="199" count="99" type="cond" truecount="1" falsecount="1"/>
      <line num="200" count="99" type="cond" truecount="2" falsecount="0"/>
      <line num="201" count="8" type="stmt"/>
      <line num="202" count="8" type="cond" truecount="2" falsecount="0"/>
      <line num="203" count="7" type="cond" truecount="2" falsecount="0"/>
      <line num="206" count="1" type="stmt"/>
      <line num="210" count="98" type="stmt"/>
      <line num="211" count="98" type="stmt"/>
      <line num="213" count="98" type="stmt"/>
      <line num="214" count="98" type="cond" truecount="2" falsecount="0"/>
      <line num="216" count="372" type="stmt"/>
      <line num="219" count="98" type="stmt"/>
      <line num="230" count="114" type="stmt"/>
      <line num="232" count="114" type="stmt"/>
      <line num="233" count="274" type="cond" truecount="1" falsecount="1"/>
      <line num="236" count="0" type="stmt"/>
      <line num="239" count="274" type="cond" truecount="2" falsecount="0"/>
      <line num="241" count="1" type="stmt"/>
      <line num="242" count="1" type="cond" truecount="1" falsecount="1"/>
      <line num="247" count="0" type="stmt"/>
      <line num="249" count="1" type="stmt"/>
      <line num="250" count="1" type="stmt"/>
      <line num="254" count="273" type="stmt"/>
      <line num="263" count="273" type="cond" truecount="2" falsecount="0"/>
      <line num="264" count="60" type="stmt"/>
      <line num="265" count="60" type="cond" truecount="1" falsecount="1"/>
      <line num="270" count="60" type="stmt"/>
      <line num="272" count="60" type="stmt"/>
      <line num="273" count="60" type="cond" truecount="1" falsecount="1"/>
      <line num="274" count="60" type="stmt"/>
      <line num="278" count="273" type="stmt"/>
      <line num="281" count="114" type="stmt"/>
      <line num="290" count="62" type="stmt"/>
      <line num="291" count="62" type="stmt"/>
      <line num="293" count="62" type="stmt"/>
      <line num="294" count="62" type="cond" truecount="2" falsecount="0"/>
      <line num="296" count="67" type="stmt"/>
      <line num="301" count="67" type="stmt"/>
      <line num="303" count="67" type="stmt"/>
      <line num="305" count="67" type="cond" truecount="1" falsecount="1"/>
      <line num="309" count="67" type="cond" truecount="2" falsecount="0"/>
      <line num="310" count="67" type="stmt"/>
      <line num="322" count="67" type="stmt"/>
      <line num="324" count="67" type="stmt"/>
      <line num="327" count="67" type="stmt"/>
      <line num="328" count="67" type="stmt"/>
      <line num="331" count="62" type="stmt"/>
      <line num="332" count="67" type="stmt"/>
      <line num="333" count="67" type="stmt"/>
      <line num="334" count="67" type="stmt"/>
      <line num="336" count="67" type="cond" truecount="2" falsecount="0"/>
      <line num="338" count="4" type="stmt"/>
      <line num="341" count="63" type="stmt"/>
      <line num="342" count="92" type="stmt"/>
      <line num="343" count="92" type="stmt"/>
      <line num="362" count="63" type="stmt"/>
      <line num="371" count="0" type="cond" truecount="0" falsecount="4"/>
      <line num="381" count="0" type="stmt"/>
      <line num="385" count="0" type="cond" truecount="0" falsecount="2"/>
      <line num="389" count="0" type="cond" truecount="0" falsecount="2"/>
      <line num="390" count="0" type="stmt"/>
      <line num="402" count="0" type="cond" truecount="0" falsecount="2"/>
      <line num="404" count="0" type="stmt"/>
      <line num="406" count="0" type="cond" truecount="0" falsecount="2"/>
      <line num="408" count="0" type="stmt"/>
      <line num="411" count="0" type="stmt"/>
      <line num="412" count="0" type="stmt"/>
      <line num="413" count="0" type="stmt"/>
      <line num="432" count="0" type="stmt"/>
      <line num="442" count="16" type="stmt"/>
      <line num="450" count="53" type="stmt"/>
      <line num="451" count="53" type="stmt"/>
      <line num="454" count="53" type="stmt"/>
      <line num="455" count="53" type="stmt"/>
      <line num="457" count="53" type="stmt"/>
      <line num="485" count="36" type="stmt"/>
      <line num="486" count="108" type="stmt"/>
      <line num="492" count="108" type="cond" truecount="2" falsecount="0"/>
      <line num="493" count="27" type="stmt"/>
      <line num="496" count="108" type="stmt"/>
      <line num="513" count="9" type="stmt"/>
      <line num="515" count="9" type="stmt"/>
      <line num="517" count="9" type="cond" truecount="2" falsecount="0"/>
      <line num="557" count="16" type="stmt"/>
      <line num="560" count="32" type="stmt"/>
      <line num="561" count="32" type="stmt"/>
      <line num="575" count="16" type="stmt"/>
      <line num="585" count="57" type="stmt"/>
      <line num="598" count="16" type="stmt"/>
      <line num="611" count="2" type="stmt"/>
      <line num="612" count="2" type="stmt"/>
      <line num="613" count="2" type="stmt"/>
      <line num="615" count="2" type="stmt"/>
    </file>
    <file name="context.tsx" path="/Users/jokcylou/workspace/personal/svuex/lib/context.tsx">
      <metrics statements="66" coveredstatements="53" conditionals="18" coveredconditionals="13" methods="28" coveredmethods="24"/>
      <line num="1" count="16" type="stmt"/>
      <line num="25" count="16" type="stmt"/>
      <line num="27" count="16" type="stmt"/>
      <line num="52" count="16" type="stmt"/>
      <line num="53" count="16" type="stmt"/>
      <line num="57" count="108" type="stmt"/>
      <line num="62" count="108" type="stmt"/>
      <line num="69" count="108" type="stmt"/>
      <line num="73" count="92" type="stmt"/>
      <line num="78" count="98" type="cond" truecount="2" falsecount="0"/>
      <line num="82" count="32" type="stmt"/>
      <line num="84" count="32" type="stmt"/>
      <line num="85" count="38" type="stmt"/>
      <line num="112" count="76" type="stmt"/>
      <line num="113" count="78" type="stmt"/>
      <line num="115" count="76" type="stmt"/>
      <line num="119" count="148" type="stmt"/>
      <line num="134" count="148" type="stmt"/>
      <line num="145" count="32" type="stmt"/>
      <line num="146" count="32" type="stmt"/>
      <line num="147" count="32" type="stmt"/>
      <line num="158" count="9" type="stmt"/>
      <line num="159" count="9" type="stmt"/>
      <line num="160" count="9" type="stmt"/>
      <line num="171" count="26" type="stmt"/>
      <line num="172" count="26" type="stmt"/>
      <line num="188" count="16" type="stmt"/>
      <line num="196" count="59" type="stmt"/>
      <line num="197" count="59" type="stmt"/>
      <line num="198" count="64" type="stmt"/>
      <line num="202" count="16" type="stmt"/>
      <line num="214" count="87" type="stmt"/>
      <line num="215" count="87" type="stmt"/>
      <line num="216" count="87" type="stmt"/>
      <line num="218" count="92" type="stmt"/>
      <line num="231" count="0" type="stmt"/>
      <line num="235" count="0" type="stmt"/>
      <line num="237" count="0" type="stmt"/>
      <line num="238" count="0" type="stmt"/>
      <line num="239" count="0" type="cond" truecount="0" falsecount="2"/>
      <line num="241" count="0" type="stmt"/>
      <line num="242" count="0" type="stmt"/>
      <line num="248" count="0" type="stmt"/>
      <line num="249" count="0" type="stmt"/>
      <line num="253" count="0" type="stmt"/>
      <line num="256" count="0" type="stmt"/>
      <line num="269" count="13" type="stmt"/>
      <line num="273" count="13" type="stmt"/>
      <line num="274" count="13" type="stmt"/>
      <line num="276" count="13" type="stmt"/>
      <line num="277" count="13" type="stmt"/>
      <line num="298" count="19" type="stmt"/>
      <line num="302" count="19" type="stmt"/>
      <line num="303" count="19" type="stmt"/>
      <line num="305" count="19" type="stmt"/>
      <line num="306" count="19" type="stmt"/>
      <line num="308" count="19" type="stmt"/>
      <line num="311" count="11" type="cond" truecount="4" falsecount="0"/>
      <line num="312" count="11" type="stmt"/>
      <line num="313" count="11" type="stmt"/>
      <line num="315" count="11" type="cond" truecount="1" falsecount="1"/>
      <line num="316" count="11" type="cond" truecount="1" falsecount="1"/>
      <line num="317" count="0" type="stmt"/>
      <line num="319" count="11" type="stmt"/>
      <line num="320" count="11" type="cond" truecount="2" falsecount="0"/>
      <line num="326" count="0" type="stmt"/>
    </file>
    <file name="forEachChild.ts" path="/Users/jokcylou/workspace/personal/svuex/lib/forEachChild.ts">
      <metrics statements="9" coveredstatements="8" conditionals="14" coveredconditionals="11" methods="2" coveredmethods="2"/>
      <line num="1" count="16" type="stmt"/>
      <line num="6" count="388" type="cond" truecount="4" falsecount="0"/>
      <line num="13" count="388" type="cond" truecount="1" falsecount="1"/>
      <line num="15" count="388" type="cond" truecount="2" falsecount="0"/>
      <line num="16" count="274" type="cond" truecount="3" falsecount="1"/>
      <line num="17" count="0" type="stmt"/>
      <line num="19" count="274" type="stmt"/>
      <line num="21" count="114" type="cond" truecount="1" falsecount="1"/>
      <line num="22" count="274" type="stmt"/>
    </file>
    <file name="generate-path.ts" path="/Users/jokcylou/workspace/personal/svuex/lib/generate-path.ts">
      <metrics statements="6" coveredstatements="6" conditionals="6" coveredconditionals="6" methods="3" coveredmethods="3"/>
      <line num="1" count="16" type="stmt"/>
      <line num="11" count="9" type="cond" truecount="4" falsecount="0"/>
      <line num="13" count="9" type="stmt"/>
      <line num="15" count="2" type="stmt"/>
      <line num="16" count="1" type="stmt"/>
      <line num="18" count="3" type="stmt"/>
    </file>
    <file name="index.ts" path="/Users/jokcylou/workspace/personal/svuex/lib/index.ts">
      <metrics statements="6" coveredstatements="6" conditionals="10" coveredconditionals="10" methods="5" coveredmethods="5"/>
      <line num="1" count="16" type="stmt"/>
      <line num="3" count="886" type="cond" truecount="2" falsecount="0"/>
      <line num="4" count="214" type="cond" truecount="2" falsecount="0"/>
      <line num="5" count="96" type="cond" truecount="2" falsecount="0"/>
      <line num="6" count="1004" type="cond" truecount="2" falsecount="0"/>
      <line num="7" count="496" type="cond" truecount="2" falsecount="0"/>
    </file>
    <file name="rank-route-branches.ts" path="/Users/jokcylou/workspace/personal/svuex/lib/rank-route-branches.ts">
      <metrics statements="26" coveredstatements="26" conditionals="14" coveredconditionals="14" methods="11" coveredmethods="11"/>
      <line num="3" count="16" type="stmt"/>
      <line num="4" count="16" type="stmt"/>
      <line num="5" count="16" type="stmt"/>
      <line num="6" count="16" type="stmt"/>
      <line num="7" count="16" type="stmt"/>
      <line num="8" count="4232" type="stmt"/>
      <line num="20" count="712" type="stmt"/>
      <line num="21" count="712" type="stmt"/>
      <line num="22" count="712" type="cond" truecount="2" falsecount="0"/>
      <line num="23" count="158" type="stmt"/>
      <line num="26" count="712" type="stmt"/>
      <line num="27" count="2110" type="stmt"/>
      <line num="29" count="1949" type="stmt"/>
      <line num="42" count="210" type="cond" truecount="2" falsecount="0"/>
      <line num="44" count="210" type="stmt"/>
      <line num="58" count="98" type="stmt"/>
      <line num="59" count="98" type="stmt"/>
      <line num="60" count="1544" type="cond" truecount="2" falsecount="0"/>
      <line num="65" count="98" type="stmt"/>
      <line num="66" count="1424" type="stmt"/>
      <line num="67" count="712" type="stmt"/>
      <line num="68" count="712" type="stmt"/>
      <line num="75" count="9264" type="stmt"/>
      <line num="77" count="1544" type="stmt"/>
      <line num="80" count="1544" type="stmt"/>
      <line num="82" count="1544" type="stmt"/>
    </file>
    <file name="types.ts" path="/Users/jokcylou/workspace/personal/svuex/lib/types.ts">
      <metrics statements="3" coveredstatements="2" conditionals="2" coveredconditionals="1" methods="2" coveredmethods="1"/>
      <line num="65" count="16" type="stmt"/>
      <line num="66" count="483" type="cond" truecount="1" falsecount="1"/>
      <line num="67" count="0" type="stmt"/>
    </file>
    <file name="utils.tsx" path="/Users/jokcylou/workspace/personal/svuex/lib/utils.tsx">
      <metrics statements="35" coveredstatements="33" conditionals="42" coveredconditionals="34" methods="11" coveredmethods="11"/>
      <line num="2" count="16" type="stmt"/>
      <line num="6" count="343" type="cond" truecount="2" falsecount="0"/>
      <line num="10" count="2" type="cond" truecount="2" falsecount="0"/>
      <line num="12" count="1" type="cond" truecount="1" falsecount="1"/>
      <line num="14" count="1" type="stmt"/>
      <line num="20" count="1" type="stmt"/>
      <line num="26" count="130" type="cond" truecount="2" falsecount="2"/>
      <line num="27" count="130" type="cond" truecount="1" falsecount="1"/>
      <line num="31" count="130" type="cond" truecount="1" falsecount="1"/>
      <line num="32" count="0" type="stmt"/>
      <line num="35" count="0" type="stmt"/>
      <line num="38" count="130" type="cond" truecount="2" falsecount="0"/>
      <line num="40" count="130" type="stmt"/>
      <line num="45" count="130" type="stmt"/>
      <line num="48" count="16" type="stmt"/>
      <line num="50" count="38" type="stmt"/>
      <line num="51" count="1131" type="stmt"/>
      <line num="52" count="1087" type="stmt"/>
      <line num="53" count="60" type="stmt"/>
      <line num="55" count="16" type="stmt"/>
      <line num="57" count="67" type="cond" truecount="4" falsecount="0"/>
      <line num="58" count="1" type="stmt"/>
      <line num="59" count="1" type="stmt"/>
      <line num="64" count="22" type="stmt"/>
      <line num="65" count="22" type="stmt"/>
      <line num="67" count="22" type="stmt"/>
      <line num="68" count="42" type="cond" truecount="2" falsecount="0"/>
      <line num="70" count="14" type="cond" truecount="2" falsecount="0"/>
      <line num="71" count="28" type="cond" truecount="2" falsecount="0"/>
      <line num="72" count="24" type="stmt"/>
      <line num="76" count="22" type="cond" truecount="1" falsecount="1"/>
      <line num="84" count="58" type="cond" truecount="3" falsecount="1"/>
      <line num="86" count="29" type="cond" truecount="1" falsecount="1"/>
      <line num="88" count="29" type="stmt"/>
      <line num="95" count="29" type="stmt"/>
    </file>
  </project>
</coverage>
