{"/Users/jokcylou/workspace/personal/svuex/lib/Router-dom.tsx": {"path":"/Users/jokcylou/workspace/personal/svuex/lib/Router-dom.tsx","statementMap":{"0":{"start":{"line":1,"column":0},"end":{"line":1,"column":null}},"1":{"start":{"line":23,"column":0},"end":{"line":23,"column":null}},"2":{"start":{"line":24,"column":0},"end":{"line":24,"column":null}},"3":{"start":{"line":33,"column":0},"end":{"line":33,"column":null}},"4":{"start":{"line":45,"column":4},"end":{"line":45,"column":11}},"5":{"start":{"line":50,"column":30},"end":{"line":50,"column":29}},"6":{"start":{"line":51,"column":31},"end":{"line":51,"column":40}},"7":{"start":{"line":52,"column":16},"end":{"line":52,"column":23}},"8":{"start":{"line":57,"column":26},"end":{"line":57,"column":42}},"9":{"start":{"line":62,"column":12},"end":{"line":62,"column":24}},"10":{"start":{"line":63,"column":16},"end":{"line":68,"column":null}},"11":{"start":{"line":64,"column":20},"end":{"line":64,"column":27}},"12":{"start":{"line":65,"column":24},"end":{"line":65,"column":29}},"13":{"start":{"line":66,"column":24},"end":{"line":66,"column":29}},"14":{"start":{"line":71,"column":12},"end":{"line":71,"column":19}},"15":{"start":{"line":71,"column":19},"end":{"line":71,"column":null}},"16":{"start":{"line":86,"column":29},"end":{"line":86,"column":42}},"17":{"start":{"line":92,"column":26},"end":{"line":92,"column":39}},"18":{"start":{"line":95,"column":4},"end":{"line":95,"column":11}},"19":{"start":{"line":98,"column":18},"end":{"line":98,"column":null}},"20":{"start":{"line":118,"column":20},"end":{"line":118,"column":71}},"21":{"start":{"line":121,"column":26},"end":{"line":121,"column":25}},"22":{"start":{"line":122,"column":24},"end":{"line":122,"column":32}},"23":{"start":{"line":122,"column":32},"end":{"line":122,"column":38}},"24":{"start":{"line":123,"column":25},"end":{"line":123,"column":null}},"25":{"start":{"line":124,"column":24},"end":{"line":124,"column":40}},"26":{"start":{"line":124,"column":40},"end":{"line":124,"column":46}},"27":{"start":{"line":125,"column":28},"end":{"line":125,"column":null}},"28":{"start":{"line":128,"column":73},"end":{"line":128,"column":29}},"29":{"start":{"line":128,"column":73},"end":{"line":128,"column":37}},"30":{"start":{"line":128,"column":73},"end":{"line":128,"column":46}},"31":{"start":{"line":128,"column":73},"end":{"line":128,"column":63}},"32":{"start":{"line":128,"column":73},"end":{"line":127,"column":45}},"33":{"start":{"line":129,"column":29},"end":{"line":129,"column":null}},"34":{"start":{"line":130,"column":12},"end":{"line":130,"column":32}},"35":{"start":{"line":130,"column":25},"end":{"line":130,"column":32}},"36":{"start":{"line":131,"column":12},"end":{"line":146,"column":null}},"37":{"start":{"line":137,"column":16},"end":{"line":137,"column":21}},"38":{"start":{"line":142,"column":20},"end":{"line":143,"column":56}},"39":{"start":{"line":145,"column":16},"end":{"line":145,"column":24}},"40":{"start":{"line":148,"column":8},"end":{"line":148,"column":15}},"41":{"start":{"line":149,"column":40},"end":{"line":149,"column":28}},"42":{"start":{"line":149,"column":40},"end":{"line":148,"column":19}},"43":{"start":{"line":151,"column":29},"end":{"line":151,"column":null}},"44":{"start":{"line":153,"column":12},"end":{"line":153,"column":null}},"45":{"start":{"line":180,"column":22},"end":{"line":180,"column":38}},"46":{"start":{"line":190,"column":8},"end":{"line":190,"column":17}},"47":{"start":{"line":191,"column":12},"end":{"line":191,"column":18}},"48":{"start":{"line":192,"column":12},"end":{"line":192,"column":18}},"49":{"start":{"line":194,"column":8},"end":{"line":194,"column":15}},"50":{"start":{"line":194,"column":15},"end":{"line":194,"column":21}},"51":{"start":{"line":207,"column":20},"end":{"line":209,"column":null}},"52":{"start":{"line":208,"column":8},"end":{"line":208,"column":44}},"53":{"start":{"line":208,"column":42},"end":{"line":208,"column":44}},"54":{"start":{"line":211,"column":4},"end":{"line":211,"column":15}},"55":{"start":{"line":219,"column":4},"end":{"line":219,"column":null}},"56":{"start":{"line":230,"column":21},"end":{"line":230,"column":null}},"57":{"start":{"line":231,"column":24},"end":{"line":231,"column":null}},"58":{"start":{"line":233,"column":28},"end":{"line":238,"column":null}},"59":{"start":{"line":237,"column":8},"end":{"line":237,"column":16}},"60":{"start":{"line":240,"column":28},"end":{"line":240,"column":37}},"61":{"start":{"line":241,"column":25},"end":{"line":241,"column":null}},"62":{"start":{"line":243,"column":36},"end":{"line":243,"column":null}},"63":{"start":{"line":247,"column":29},"end":{"line":247,"column":48}},"64":{"start":{"line":240,"column":42},"end":{"line":240,"column":null}},"65":{"start":{"line":250,"column":12},"end":{"line":254,"column":null}},"66":{"start":{"line":251,"column":16},"end":{"line":251,"column":28}},"67":{"start":{"line":252,"column":20},"end":{"line":252,"column":32}},"68":{"start":{"line":249,"column":8},"end":{"line":255,"column":null}},"69":{"start":{"line":249,"column":54},"end":{"line":249,"column":null}},"70":{"start":{"line":257,"column":8},"end":{"line":257,"column":15}},"71":{"start":{"line":260,"column":4},"end":{"line":260,"column":11}},"72":{"start":{"line":285,"column":34},"end":{"line":285,"column":33}},"73":{"start":{"line":287,"column":4},"end":{"line":287,"column":11}},"74":{"start":{"line":293,"column":32},"end":{"line":293,"column":37}},"75":{"start":{"line":294,"column":18},"end":{"line":294,"column":25}},"76":{"start":{"line":296,"column":39},"end":{"line":296,"column":43}}},"fnMap":{"0":{"name":"createRouter","decl":{"start":{"line":44,"column":9},"end":{"line":44,"column":22}},"loc":{"start":{"line":44,"column":46},"end":{"line":81,"column":null}}},"1":{"name":"setup","decl":{"start":{"line":45,"column":27},"end":{"line":45,"column":null}},"loc":{"start":{"line":50,"column":30},"end":{"line":79,"column":null}}},"2":{"name":"(anonymous_18)","decl":{"start":{"line":51,"column":40},"end":{"line":51,"column":45}},"loc":{"start":{"line":51,"column":45},"end":{"line":55,"column":null}}},"3":{"name":"(anonymous_19)","decl":{"start":{"line":62,"column":24},"end":{"line":62,"column":29}},"loc":{"start":{"line":62,"column":29},"end":{"line":69,"column":null}}},"4":{"name":"(anonymous_20)","decl":{"start":{"line":64,"column":51},"end":{"line":64,"column":57}},"loc":{"start":{"line":64,"column":60},"end":{"line":67,"column":null}}},"5":{"name":"(anonymous_21)","decl":{"start":{"line":71,"column":19},"end":{"line":71,"column":null}},"loc":{"start":{"line":71,"column":19},"end":{"line":71,"column":null}}},"6":{"name":"isModifiedEvent","decl":{"start":{"line":94,"column":9},"end":{"line":94,"column":25}},"loc":{"start":{"line":94,"column":45},"end":{"line":96,"column":null}}},"7":{"name":"setup","decl":{"start":{"line":118,"column":71},"end":{"line":118,"column":null}},"loc":{"start":{"line":121,"column":26},"end":{"line":164,"column":null}}},"8":{"name":"(anonymous_24)","decl":{"start":{"line":122,"column":32},"end":{"line":122,"column":38}},"loc":{"start":{"line":122,"column":32},"end":{"line":122,"column":38}}},"9":{"name":"(anonymous_25)","decl":{"start":{"line":124,"column":40},"end":{"line":124,"column":46}},"loc":{"start":{"line":124,"column":40},"end":{"line":124,"column":46}}},"10":{"name":"handleClick","decl":{"start":{"line":127,"column":17},"end":{"line":127,"column":29}},"loc":{"start":{"line":127,"column":46},"end":{"line":147,"column":null}}},"11":{"name":"(anonymous_27)","decl":{"start":{"line":148,"column":15},"end":{"line":148,"column":20}},"loc":{"start":{"line":148,"column":20},"end":{"line":163,"column":null}}},"12":{"name":"setup","decl":{"start":{"line":180,"column":38},"end":{"line":180,"column":null}},"loc":{"start":{"line":189,"column":15},"end":{"line":195,"column":null}}},"13":{"name":"(anonymous_29)","decl":{"start":{"line":191,"column":12},"end":{"line":191,"column":18}},"loc":{"start":{"line":191,"column":12},"end":{"line":191,"column":18}}},"14":{"name":"(anonymous_30)","decl":{"start":{"line":192,"column":12},"end":{"line":192,"column":18}},"loc":{"start":{"line":192,"column":12},"end":{"line":192,"column":18}}},"15":{"name":"(anonymous_31)","decl":{"start":{"line":194,"column":15},"end":{"line":194,"column":21}},"loc":{"start":{"line":194,"column":15},"end":{"line":194,"column":21}}},"16":{"name":"usePrompt","decl":{"start":{"line":206,"column":16},"end":{"line":206,"column":26}},"loc":{"start":{"line":206,"column":74},"end":{"line":212,"column":null}}},"17":{"name":"blocker","decl":{"start":{"line":207,"column":10},"end":{"line":207,"column":17}},"loc":{"start":{"line":207,"column":39},"end":{"line":209,"column":null}}},"18":{"name":"useSearchParams","decl":{"start":{"line":218,"column":16},"end":{"line":218,"column":32}},"loc":{"start":{"line":218,"column":74},"end":{"line":261,"column":null}}},"19":{"name":"setSearchParams","decl":{"start":{"line":233,"column":10},"end":{"line":233,"column":25}},"loc":{"start":{"line":236,"column":8},"end":{"line":238,"column":null}}},"20":{"name":"(anonymous_36)","decl":{"start":{"line":240,"column":37},"end":{"line":240,"column":42}},"loc":{"start":{"line":240,"column":42},"end":{"line":258,"column":null}}},"21":{"name":"_loop","decl":{"start":{"line":240,"column":42},"end":{"line":240,"column":null}},"loc":{"start":{"line":240,"column":42},"end":{"line":240,"column":null}}},"22":{"name":"(anonymous_38)","decl":{"start":{"line":251,"column":49},"end":{"line":251,"column":54}},"loc":{"start":{"line":251,"column":57},"end":{"line":253,"column":null}}},"23":{"name":"createSearchParams","decl":{"start":{"line":284,"column":16},"end":{"line":284,"column":null}},"loc":{"start":{"line":285,"column":34},"end":{"line":301,"column":null}}},"24":{"name":"(anonymous_40)","decl":{"start":{"line":292,"column":39},"end":{"line":292,"column":40}},"loc":{"start":{"line":292,"column":53},"end":{"line":299,"column":17}}},"25":{"name":"(anonymous_41)","decl":{"start":{"line":296,"column":38},"end":{"line":296,"column":39}},"loc":{"start":{"line":296,"column":39},"end":{"line":296,"column":43}}}},"branchMap":{"0":{"loc":{"start":{"line":53,"column":22},"end":{"line":53,"column":null}},"type":"cond-expr","locations":[{"start":{"line":53,"column":22},"end":{"line":53,"column":null}},{"start":{"line":54,"column":22},"end":{"line":54,"column":41}}]},"1":{"loc":{"start":{"line":63,"column":16},"end":{"line":68,"column":null}},"type":"if","locations":[{"start":{"line":63,"column":16},"end":{"line":68,"column":null}},{"start":{"line":63,"column":16},"end":{"line":68,"column":null}}]},"2":{"loc":{"start":{"line":95,"column":14},"end":{"line":95,"column":31}},"type":"binary-expr","locations":[{"start":{"line":95,"column":14},"end":{"line":95,"column":31}},{"start":{"line":95,"column":31},"end":{"line":95,"column":47}},{"start":{"line":95,"column":47},"end":{"line":95,"column":64}},{"start":{"line":95,"column":64},"end":{"line":95,"column":null}}]},"3":{"loc":{"start":{"line":130,"column":12},"end":{"line":130,"column":32}},"type":"if","locations":[{"start":{"line":130,"column":12},"end":{"line":130,"column":32}},{"start":{"line":130,"column":12},"end":{"line":130,"column":32}}]},"4":{"loc":{"start":{"line":131,"column":12},"end":{"line":146,"column":null}},"type":"if","locations":[{"start":{"line":131,"column":12},"end":{"line":146,"column":null}},{"start":{"line":131,"column":12},"end":{"line":146,"column":null}}]},"5":{"loc":{"start":{"line":132,"column":16},"end":{"line":132,"column":43}},"type":"binary-expr","locations":[{"start":{"line":132,"column":16},"end":{"line":132,"column":43}},{"start":{"line":133,"column":16},"end":{"line":133,"column":38}},{"start":{"line":134,"column":17},"end":{"line":134,"column":28}},{"start":{"line":134,"column":28},"end":{"line":134,"column":51}},{"start":{"line":135,"column":16},"end":{"line":135,"column":33}}]},"6":{"loc":{"start":{"line":142,"column":20},"end":{"line":142,"column":null}},"type":"binary-expr","locations":[{"start":{"line":142,"column":20},"end":{"line":142,"column":null}},{"start":{"line":143,"column":20},"end":{"line":143,"column":56}}]},"7":{"loc":{"start":{"line":151,"column":39},"end":{"line":151,"column":41}},"type":"cond-expr","locations":[{"start":{"line":151,"column":39},"end":{"line":151,"column":41}},{"start":{"line":151,"column":58},"end":{"line":151,"column":null}}]},"8":{"loc":{"start":{"line":208,"column":8},"end":{"line":208,"column":44}},"type":"if","locations":[{"start":{"line":208,"column":8},"end":{"line":208,"column":44}},{"start":{"line":208,"column":8},"end":{"line":208,"column":44}}]},"9":{"loc":{"start":{"line":244,"column":12},"end":{"line":244,"column":26}},"type":"binary-expr","locations":[{"start":{"line":244,"column":12},"end":{"line":244,"column":26}},{"start":{"line":244,"column":30},"end":{"line":244,"column":null}}]},"10":{"loc":{"start":{"line":250,"column":12},"end":{"line":254,"column":null}},"type":"if","locations":[{"start":{"line":250,"column":12},"end":{"line":254,"column":null}},{"start":{"line":250,"column":12},"end":{"line":254,"column":null}}]},"11":{"loc":{"start":{"line":285,"column":34},"end":{"line":285,"column":null}},"type":"cond-expr","locations":[{"start":{"line":285,"column":34},"end":{"line":285,"column":null}},{"start":{"line":285,"column":32},"end":{"line":285,"column":34}}]},"12":{"loc":{"start":{"line":285,"column":34},"end":{"line":285,"column":null}},"type":"binary-expr","locations":[{"start":{"line":285,"column":34},"end":{"line":285,"column":null}},{"start":{"line":285,"column":34},"end":{"line":285,"column":null}}]},"13":{"loc":{"start":{"line":291,"column":14},"end":{"line":291,"column":null}},"type":"cond-expr","locations":[{"start":{"line":291,"column":14},"end":{"line":291,"column":null}},{"start":{"line":292,"column":14},"end":{"line":292,"column":20}}]},"14":{"loc":{"start":{"line":288,"column":8},"end":{"line":288,"column":null}},"type":"binary-expr","locations":[{"start":{"line":288,"column":8},"end":{"line":288,"column":null}},{"start":{"line":289,"column":8},"end":{"line":289,"column":13}},{"start":{"line":290,"column":8},"end":{"line":290,"column":null}}]},"15":{"loc":{"start":{"line":296,"column":28},"end":{"line":296,"column":33}},"type":"cond-expr","locations":[{"start":{"line":296,"column":28},"end":{"line":296,"column":33}},{"start":{"line":297,"column":28},"end":{"line":297,"column":29}}]}},"s":{"0":16,"1":16,"2":16,"3":16,"4":32,"5":2,"6":2,"7":2,"8":2,"9":2,"10":2,"11":2,"12":1,"13":1,"14":2,"15":3,"16":16,"17":16,"18":6,"19":16,"20":16,"21":13,"22":13,"23":13,"24":13,"25":13,"26":5,"27":13,"28":9,"29":9,"30":9,"31":9,"32":9,"33":9,"34":9,"35":1,"36":9,"37":5,"38":5,"39":5,"40":13,"41":13,"42":13,"43":13,"44":13,"45":16,"46":0,"47":0,"48":0,"49":0,"50":0,"51":0,"52":0,"53":0,"54":0,"55":1,"56":1,"57":1,"58":1,"59":1,"60":1,"61":2,"62":2,"63":2,"64":10,"65":2,"66":0,"67":0,"68":2,"69":2,"70":2,"71":1,"72":5,"73":5,"74":3,"75":3,"76":0},"f":{"0":32,"1":2,"2":2,"3":2,"4":1,"5":3,"6":6,"7":13,"8":13,"9":5,"10":9,"11":13,"12":0,"13":0,"14":0,"15":0,"16":0,"17":0,"18":1,"19":1,"20":2,"21":2,"22":0,"23":5,"24":3,"25":0},"b":{"0":[2,0],"1":[2,0],"2":[6,6,6,5],"3":[1,8],"4":[5,4],"5":[9,8,7,1,6],"6":[5,5],"7":[0,13],"8":[0,0],"9":[2,2],"10":[0,2],"11":[5,0],"12":[5,5],"13":[2,3],"14":[5,3,3],"15":[0,3]}}
,"/Users/jokcylou/workspace/personal/svuex/lib/Router.tsx": {"path":"/Users/jokcylou/workspace/personal/svuex/lib/Router.tsx","statementMap":{"0":{"start":{"line":2,"column":0},"end":{"line":2,"column":null}},"1":{"start":{"line":10,"column":0},"end":{"line":10,"column":null}},"2":{"start":{"line":11,"column":0},"end":{"line":11,"column":null}},"3":{"start":{"line":19,"column":28},"end":{"line":19,"column":44}},"4":{"start":{"line":27,"column":26},"end":{"line":27,"column":25}},"5":{"start":{"line":28,"column":49},"end":{"line":28,"column":32}},"6":{"start":{"line":28,"column":49},"end":{"line":27,"column":25}},"7":{"start":{"line":29,"column":24},"end":{"line":29,"column":44}},"8":{"start":{"line":34,"column":26},"end":{"line":34,"column":45}},"9":{"start":{"line":39,"column":8},"end":{"line":39,"column":15}},"10":{"start":{"line":40,"column":12},"end":{"line":40,"column":21}},"11":{"start":{"line":43,"column":8},"end":{"line":43,"column":15}},"12":{"start":{"line":44,"column":27},"end":{"line":44,"column":null}},"13":{"start":{"line":45,"column":12},"end":{"line":45,"column":null}},"14":{"start":{"line":66,"column":22},"end":{"line":66,"column":38}},"15":{"start":{"line":85,"column":26},"end":{"line":85,"column":25}},"16":{"start":{"line":86,"column":35},"end":{"line":86,"column":44}},"17":{"start":{"line":87,"column":72},"end":{"line":87,"column":28}},"18":{"start":{"line":87,"column":72},"end":{"line":87,"column":38}},"19":{"start":{"line":87,"column":72},"end":{"line":87,"column":49}},"20":{"start":{"line":87,"column":72},"end":{"line":87,"column":57}},"21":{"start":{"line":88,"column":12},"end":{"line":88,"column":19}},"22":{"start":{"line":91,"column":30},"end":{"line":91,"column":null}},"23":{"start":{"line":93,"column":8},"end":{"line":93,"column":15}},"24":{"start":{"line":94,"column":12},"end":{"line":94,"column":null}},"25":{"start":{"line":100,"column":12},"end":{"line":100,"column":null}}},"fnMap":{"0":{"name":"setup","decl":{"start":{"line":19,"column":44},"end":{"line":19,"column":null}},"loc":{"start":{"line":27,"column":26},"end":{"line":54,"column":null}}},"1":{"name":"(anonymous_7)","decl":{"start":{"line":39,"column":23},"end":{"line":39,"column":29}},"loc":{"start":{"line":39,"column":32},"end":{"line":41,"column":null}}},"2":{"name":"(anonymous_8)","decl":{"start":{"line":43,"column":15},"end":{"line":43,"column":20}},"loc":{"start":{"line":43,"column":20},"end":{"line":53,"column":null}}},"3":{"name":"setup","decl":{"start":{"line":66,"column":38},"end":{"line":66,"column":null}},"loc":{"start":{"line":85,"column":26},"end":{"line":107,"column":null}}},"4":{"name":"(anonymous_10)","decl":{"start":{"line":86,"column":44},"end":{"line":86,"column":49}},"loc":{"start":{"line":86,"column":49},"end":{"line":89,"column":null}}},"5":{"name":"(anonymous_11)","decl":{"start":{"line":93,"column":15},"end":{"line":93,"column":20}},"loc":{"start":{"line":93,"column":20},"end":{"line":106,"column":null}}}},"branchMap":{},"s":{"0":16,"1":16,"2":16,"3":16,"4":50,"5":50,"6":50,"7":50,"8":50,"9":50,"10":4,"11":50,"12":54,"13":54,"14":16,"15":60,"16":60,"17":64,"18":64,"19":64,"20":64,"21":64,"22":60,"23":60,"24":65,"25":64},"f":{"0":50,"1":4,"2":54,"3":60,"4":64,"5":65},"b":{}}
,"/Users/jokcylou/workspace/personal/svuex/lib/Routes.tsx": {"path":"/Users/jokcylou/workspace/personal/svuex/lib/Routes.tsx","statementMap":{"0":{"start":{"line":12,"column":0},"end":{"line":12,"column":null}},"1":{"start":{"line":14,"column":0},"end":{"line":14,"column":null}},"2":{"start":{"line":15,"column":0},"end":{"line":15,"column":null}},"3":{"start":{"line":16,"column":0},"end":{"line":16,"column":null}},"4":{"start":{"line":27,"column":0},"end":{"line":27,"column":null}},"5":{"start":{"line":28,"column":0},"end":{"line":28,"column":null}},"6":{"start":{"line":45,"column":27},"end":{"line":45,"column":null}},"7":{"start":{"line":47,"column":8},"end":{"line":56,"column":null}},"8":{"start":{"line":53,"column":16},"end":{"line":53,"column":20}},"9":{"start":{"line":54,"column":16},"end":{"line":54,"column":23}},"10":{"start":{"line":58,"column":4},"end":{"line":66,"column":null}},"11":{"start":{"line":59,"column":8},"end":{"line":61,"column":null}},"12":{"start":{"line":60,"column":12},"end":{"line":60,"column":18}},"13":{"start":{"line":62,"column":8},"end":{"line":62,"column":12}},"14":{"start":{"line":63,"column":8},"end":{"line":63,"column":14}},"15":{"start":{"line":64,"column":11},"end":{"line":66,"column":null}},"16":{"start":{"line":65,"column":8},"end":{"line":65,"column":14}},"17":{"start":{"line":68,"column":4},"end":{"line":68,"column":19}},"18":{"start":{"line":68,"column":13},"end":{"line":68,"column":19}},"19":{"start":{"line":70,"column":18},"end":{"line":70,"column":null}},"20":{"start":{"line":71,"column":20},"end":{"line":71,"column":24}},"21":{"start":{"line":73,"column":4},"end":{"line":73,"column":11}},"22":{"start":{"line":77,"column":4},"end":{"line":88,"column":null}},"23":{"start":{"line":78,"column":8},"end":{"line":78,"column":15}},"24":{"start":{"line":80,"column":8},"end":{"line":80,"column":null}},"25":{"start":{"line":87,"column":8},"end":{"line":87,"column":15}},"26":{"start":{"line":101,"column":4},"end":{"line":103,"column":null}},"27":{"start":{"line":102,"column":8},"end":{"line":102,"column":15}},"28":{"start":{"line":105,"column":56},"end":{"line":105,"column":null}},"29":{"start":{"line":99,"column":20},"end":{"line":105,"column":18}},"30":{"start":{"line":99,"column":20},"end":{"line":105,"column":34}},"31":{"start":{"line":99,"column":20},"end":{"line":99,"column":null}},"32":{"start":{"line":99,"column":20},"end":{"line":105,"column":47}},"33":{"start":{"line":106,"column":34},"end":{"line":106,"column":46}},"34":{"start":{"line":107,"column":18},"end":{"line":107,"column":26}},"35":{"start":{"line":109,"column":4},"end":{"line":109,"column":23}},"36":{"start":{"line":109,"column":16},"end":{"line":109,"column":23}},"37":{"start":{"line":111,"column":28},"end":{"line":111,"column":34}},"38":{"start":{"line":112,"column":19},"end":{"line":112,"column":24}},"39":{"start":{"line":113,"column":19},"end":{"line":113,"column":29}},"40":{"start":{"line":114,"column":8},"end":{"line":114,"column":12}},"41":{"start":{"line":115,"column":8},"end":{"line":115,"column":15}},"42":{"start":{"line":118,"column":4},"end":{"line":118,"column":11}},"43":{"start":{"line":125,"column":19},"end":{"line":125,"column":26}},"44":{"start":{"line":126,"column":26},"end":{"line":126,"column":null}},"45":{"start":{"line":127,"column":32},"end":{"line":127,"column":null}},"46":{"start":{"line":129,"column":34},"end":{"line":129,"column":null}},"47":{"start":{"line":130,"column":4},"end":{"line":155,"column":null}},"48":{"start":{"line":130,"column":17},"end":{"line":130,"column":20}},"49":{"start":{"line":131,"column":22},"end":{"line":131,"column":29}},"50":{"start":{"line":133,"column":12},"end":{"line":135,"column":null}},"51":{"start":{"line":136,"column":27},"end":{"line":136,"column":null}},"52":{"start":{"line":145,"column":8},"end":{"line":145,"column":32}},"53":{"start":{"line":145,"column":25},"end":{"line":145,"column":32}},"54":{"start":{"line":147,"column":8},"end":{"line":147,"column":23}},"55":{"start":{"line":148,"column":8},"end":{"line":148,"column":21}},"56":{"start":{"line":150,"column":8},"end":{"line":150,"column":15}},"57":{"start":{"line":157,"column":4},"end":{"line":157,"column":11}},"58":{"start":{"line":165,"column":32},"end":{"line":162,"column":null}},"59":{"start":{"line":165,"column":32},"end":{"line":163,"column":null}},"60":{"start":{"line":165,"column":32},"end":{"line":164,"column":null}},"61":{"start":{"line":165,"column":32},"end":{"line":165,"column":31}},"62":{"start":{"line":167,"column":4},"end":{"line":167,"column":10}},"63":{"start":{"line":168,"column":21},"end":{"line":168,"column":31}},"64":{"start":{"line":169,"column":23},"end":{"line":169,"column":35}},"65":{"start":{"line":170,"column":24},"end":{"line":170,"column":37}},"66":{"start":{"line":175,"column":8},"end":{"line":177,"column":null}},"67":{"start":{"line":176,"column":12},"end":{"line":176,"column":25}},"68":{"start":{"line":179,"column":8},"end":{"line":179,"column":16}},"69":{"start":{"line":182,"column":4},"end":{"line":182,"column":11}},"70":{"start":{"line":193,"column":17},"end":{"line":193,"column":16}},"71":{"start":{"line":195,"column":4},"end":{"line":197,"column":null}},"72":{"start":{"line":196,"column":8},"end":{"line":196,"column":16}},"73":{"start":{"line":199,"column":19},"end":{"line":199,"column":null}},"74":{"start":{"line":200,"column":4},"end":{"line":208,"column":null}},"75":{"start":{"line":201,"column":21},"end":{"line":201,"column":29}},"76":{"start":{"line":202,"column":8},"end":{"line":207,"column":null}},"77":{"start":{"line":203,"column":12},"end":{"line":203,"column":20}},"78":{"start":{"line":206,"column":12},"end":{"line":206,"column":19}},"79":{"start":{"line":210,"column":21},"end":{"line":210,"column":35}},"80":{"start":{"line":211,"column":4},"end":{"line":211,"column":22}},"81":{"start":{"line":213,"column":18},"end":{"line":213,"column":null}},"82":{"start":{"line":214,"column":4},"end":{"line":217,"column":null}},"83":{"start":{"line":214,"column":17},"end":{"line":214,"column":20}},"84":{"start":{"line":216,"column":8},"end":{"line":216,"column":15}},"85":{"start":{"line":219,"column":4},"end":{"line":219,"column":11}},"86":{"start":{"line":230,"column":34},"end":{"line":230,"column":null}},"87":{"start":{"line":232,"column":4},"end":{"line":232,"column":17}},"88":{"start":{"line":233,"column":8},"end":{"line":237,"column":null}},"89":{"start":{"line":236,"column":12},"end":{"line":236,"column":null}},"90":{"start":{"line":239,"column":8},"end":{"line":251,"column":null}},"91":{"start":{"line":241,"column":42},"end":{"line":241,"column":null}},"92":{"start":{"line":242,"column":12},"end":{"line":248,"column":null}},"93":{"start":{"line":247,"column":16},"end":{"line":247,"column":27}},"94":{"start":{"line":249,"column":12},"end":{"line":249,"column":18}},"95":{"start":{"line":250,"column":12},"end":{"line":250,"column":null}},"96":{"start":{"line":254,"column":35},"end":{"line":254,"column":null}},"97":{"start":{"line":263,"column":8},"end":{"line":276,"column":null}},"98":{"start":{"line":264,"column":42},"end":{"line":264,"column":null}},"99":{"start":{"line":265,"column":12},"end":{"line":271,"column":null}},"100":{"start":{"line":270,"column":16},"end":{"line":270,"column":27}},"101":{"start":{"line":272,"column":32},"end":{"line":272,"column":57}},"102":{"start":{"line":273,"column":12},"end":{"line":275,"column":null}},"103":{"start":{"line":274,"column":16},"end":{"line":274,"column":21}},"104":{"start":{"line":278,"column":8},"end":{"line":278,"column":14}},"105":{"start":{"line":281,"column":4},"end":{"line":281,"column":11}},"106":{"start":{"line":290,"column":28},"end":{"line":290,"column":null}},"107":{"start":{"line":291,"column":24},"end":{"line":291,"column":null}},"108":{"start":{"line":293,"column":22},"end":{"line":293,"column":31}},"109":{"start":{"line":294,"column":24},"end":{"line":294,"column":33}},"110":{"start":{"line":294,"column":33},"end":{"line":294,"column":39}},"111":{"start":{"line":296,"column":23},"end":{"line":296,"column":32}},"112":{"start":{"line":301,"column":12},"end":{"line":301,"column":null}},"113":{"start":{"line":296,"column":37},"end":{"line":299,"column":19}},"114":{"start":{"line":296,"column":37},"end":{"line":300,"column":22}},"115":{"start":{"line":303,"column":25},"end":{"line":303,"column":null}},"116":{"start":{"line":305,"column":8},"end":{"line":320,"column":null}},"117":{"start":{"line":309,"column":31},"end":{"line":309,"column":null}},"118":{"start":{"line":310,"column":12},"end":{"line":310,"column":null}},"119":{"start":{"line":322,"column":23},"end":{"line":322,"column":null}},"120":{"start":{"line":324,"column":8},"end":{"line":324,"column":16}},"121":{"start":{"line":327,"column":24},"end":{"line":327,"column":36}},"122":{"start":{"line":328,"column":8},"end":{"line":328,"column":15}},"123":{"start":{"line":331,"column":4},"end":{"line":331,"column":11}},"124":{"start":{"line":332,"column":24},"end":{"line":332,"column":null}},"125":{"start":{"line":333,"column":41},"end":{"line":333,"column":24}},"126":{"start":{"line":334,"column":25},"end":{"line":334,"column":null}},"127":{"start":{"line":336,"column":8},"end":{"line":339,"column":null}},"128":{"start":{"line":338,"column":12},"end":{"line":338,"column":19}},"129":{"start":{"line":341,"column":24},"end":{"line":341,"column":31}},"130":{"start":{"line":342,"column":52},"end":{"line":342,"column":31}},"131":{"start":{"line":342,"column":52},"end":{"line":342,"column":41}},"132":{"start":{"line":342,"column":52},"end":{"line":342,"column":51}},"133":{"start":{"line":343,"column":16},"end":{"line":343,"column":null}},"134":{"start":{"line":362,"column":8},"end":{"line":362,"column":15}},"135":{"start":{"line":371,"column":17},"end":{"line":371,"column":16}},"136":{"start":{"line":381,"column":8},"end":{"line":378,"column":15}},"137":{"start":{"line":381,"column":8},"end":{"line":379,"column":18}},"138":{"start":{"line":381,"column":8},"end":{"line":380,"column":16}},"139":{"start":{"line":385,"column":4},"end":{"line":400,"column":null}},"140":{"start":{"line":389,"column":27},"end":{"line":389,"column":null}},"141":{"start":{"line":390,"column":8},"end":{"line":390,"column":null}},"142":{"start":{"line":402,"column":4},"end":{"line":402,"column":12}},"143":{"start":{"line":404,"column":20},"end":{"line":404,"column":32}},"144":{"start":{"line":406,"column":4},"end":{"line":409,"column":null}},"145":{"start":{"line":408,"column":8},"end":{"line":408,"column":15}},"146":{"start":{"line":411,"column":20},"end":{"line":411,"column":27}},"147":{"start":{"line":412,"column":48},"end":{"line":412,"column":27}},"148":{"start":{"line":412,"column":48},"end":{"line":412,"column":37}},"149":{"start":{"line":412,"column":48},"end":{"line":412,"column":47}},"150":{"start":{"line":413,"column":12},"end":{"line":413,"column":null}},"151":{"start":{"line":432,"column":4},"end":{"line":432,"column":11}},"152":{"start":{"line":442,"column":22},"end":{"line":442,"column":38}},"153":{"start":{"line":450,"column":26},"end":{"line":450,"column":25}},"154":{"start":{"line":451,"column":8},"end":{"line":451,"column":15}},"155":{"start":{"line":454,"column":33},"end":{"line":454,"column":36}},"156":{"start":{"line":455,"column":16},"end":{"line":455,"column":23}},"157":{"start":{"line":457,"column":12},"end":{"line":457,"column":18}},"158":{"start":{"line":485,"column":4},"end":{"line":485,"column":11}},"159":{"start":{"line":486,"column":35},"end":{"line":486,"column":null}},"160":{"start":{"line":492,"column":8},"end":{"line":494,"column":null}},"161":{"start":{"line":493,"column":12},"end":{"line":493,"column":17}},"162":{"start":{"line":496,"column":8},"end":{"line":496,"column":15}},"163":{"start":{"line":513,"column":4},"end":{"line":513,"column":11}},"164":{"start":{"line":515,"column":12},"end":{"line":515,"column":19}},"165":{"start":{"line":517,"column":8},"end":{"line":517,"column":14}},"166":{"start":{"line":557,"column":22},"end":{"line":557,"column":38}},"167":{"start":{"line":560,"column":26},"end":{"line":560,"column":null}},"168":{"start":{"line":561,"column":8},"end":{"line":561,"column":15}},"169":{"start":{"line":561,"column":15},"end":{"line":561,"column":21}},"170":{"start":{"line":575,"column":21},"end":{"line":575,"column":37}},"171":{"start":{"line":585,"column":8},"end":{"line":585,"column":15}},"172":{"start":{"line":585,"column":15},"end":{"line":585,"column":21}},"173":{"start":{"line":598,"column":24},"end":{"line":598,"column":40}},"174":{"start":{"line":611,"column":25},"end":{"line":611,"column":null}},"175":{"start":{"line":612,"column":8},"end":{"line":612,"column":18}},"176":{"start":{"line":613,"column":12},"end":{"line":613,"column":20}},"177":{"start":{"line":615,"column":8},"end":{"line":615,"column":15}},"178":{"start":{"line":615,"column":15},"end":{"line":615,"column":21}}},"fnMap":{"0":{"name":"compilePath","decl":{"start":{"line":40,"column":9},"end":{"line":40,"column":null}},"loc":{"start":{"line":43,"column":16},"end":{"line":74,"column":null}}},"1":{"name":"(anonymous_18)","decl":{"start":{"line":52,"column":32},"end":{"line":52,"column":33}},"loc":{"start":{"line":52,"column":59},"end":{"line":55,"column":null}}},"2":{"name":"safelyDecodeURIComponent","decl":{"start":{"line":76,"column":9},"end":{"line":76,"column":34}},"loc":{"start":{"line":76,"column":66},"end":{"line":89,"column":null}}},"3":{"name":"matchPath","decl":{"start":{"line":97,"column":16},"end":{"line":97,"column":null}},"loc":{"start":{"line":99,"column":20},"end":{"line":119,"column":null}}},"4":{"name":"(anonymous_21)","decl":{"start":{"line":113,"column":37},"end":{"line":113,"column":38}},"loc":{"start":{"line":113,"column":64},"end":{"line":116,"column":7}}},"5":{"name":"matchRouteBranch","decl":{"start":{"line":121,"column":9},"end":{"line":121,"column":null}},"loc":{"start":{"line":123,"column":20},"end":{"line":158,"column":null}}},"6":{"name":"flattenRoutes","decl":{"start":{"line":160,"column":9},"end":{"line":160,"column":null}},"loc":{"start":{"line":165,"column":32},"end":{"line":183,"column":null}}},"7":{"name":"(anonymous_24)","decl":{"start":{"line":167,"column":19},"end":{"line":167,"column":20}},"loc":{"start":{"line":167,"column":36},"end":{"line":180,"column":null}}},"8":{"name":"matchRoutes","decl":{"start":{"line":190,"column":16},"end":{"line":190,"column":null}},"loc":{"start":{"line":193,"column":17},"end":{"line":220,"column":null}}},"9":{"name":"createRoutesFromChildren","decl":{"start":{"line":229,"column":16},"end":{"line":229,"column":41}},"loc":{"start":{"line":229,"column":61},"end":{"line":282,"column":null}}},"10":{"name":"(anonymous_27)","decl":{"start":{"line":232,"column":27},"end":{"line":232,"column":31}},"loc":{"start":{"line":232,"column":34},"end":{"line":279,"column":null}}},"11":{"name":"useRoutes_","decl":{"start":{"line":284,"column":9},"end":{"line":284,"column":null}},"loc":{"start":{"line":288,"column":29},"end":{"line":365,"column":null}}},"12":{"name":"(anonymous_29)","decl":{"start":{"line":294,"column":33},"end":{"line":294,"column":39}},"loc":{"start":{"line":294,"column":33},"end":{"line":294,"column":39}}},"13":{"name":"(anonymous_30)","decl":{"start":{"line":296,"column":32},"end":{"line":296,"column":37}},"loc":{"start":{"line":296,"column":37},"end":{"line":329,"column":null}}},"14":{"name":"(anonymous_31)","decl":{"start":{"line":331,"column":11},"end":{"line":331,"column":16}},"loc":{"start":{"line":331,"column":16},"end":{"line":363,"column":null}}},"15":{"name":"(anonymous_32)","decl":{"start":{"line":342,"column":12},"end":{"line":342,"column":13}},"loc":{"start":{"line":342,"column":52},"end":{"line":358,"column":null}}},"16":{"name":"renderRoutes","decl":{"start":{"line":367,"column":9},"end":{"line":367,"column":null}},"loc":{"start":{"line":371,"column":17},"end":{"line":434,"column":null}}},"17":{"name":"(anonymous_34)","decl":{"start":{"line":412,"column":8},"end":{"line":412,"column":9}},"loc":{"start":{"line":412,"column":48},"end":{"line":428,"column":null}}},"18":{"name":"setup","decl":{"start":{"line":442,"column":38},"end":{"line":442,"column":null}},"loc":{"start":{"line":450,"column":26},"end":{"line":473,"column":null}}},"19":{"name":"(anonymous_36)","decl":{"start":{"line":452,"column":12},"end":{"line":452,"column":17}},"loc":{"start":{"line":452,"column":17},"end":{"line":456,"column":null}}},"20":{"name":"(anonymous_37)","decl":{"start":{"line":457,"column":12},"end":{"line":457,"column":18}},"loc":{"start":{"line":457,"column":12},"end":{"line":457,"column":18}}},"21":{"name":"createRoutesFromArray","decl":{"start":{"line":482,"column":16},"end":{"line":482,"column":null}},"loc":{"start":{"line":483,"column":31},"end":{"line":498,"column":null}}},"22":{"name":"(anonymous_39)","decl":{"start":{"line":485,"column":21},"end":{"line":485,"column":33}},"loc":{"start":{"line":485,"column":36},"end":{"line":497,"column":null}}},"23":{"name":"useRoutes","decl":{"start":{"line":509,"column":16},"end":{"line":509,"column":null}},"loc":{"start":{"line":511,"column":29},"end":{"line":550,"column":null}}},"24":{"name":"(anonymous_41)","decl":{"start":{"line":514,"column":8},"end":{"line":514,"column":13}},"loc":{"start":{"line":514,"column":13},"end":{"line":516,"column":null}}},"25":{"name":"(anonymous_42)","decl":{"start":{"line":517,"column":8},"end":{"line":517,"column":14}},"loc":{"start":{"line":517,"column":8},"end":{"line":517,"column":14}}},"26":{"name":"setup","decl":{"start":{"line":557,"column":38},"end":{"line":557,"column":null}},"loc":{"start":{"line":559,"column":9},"end":{"line":562,"column":null}}},"27":{"name":"(anonymous_44)","decl":{"start":{"line":561,"column":15},"end":{"line":561,"column":21}},"loc":{"start":{"line":561,"column":15},"end":{"line":561,"column":21}}},"28":{"name":"setup","decl":{"start":{"line":575,"column":37},"end":{"line":575,"column":null}},"loc":{"start":{"line":584,"column":15},"end":{"line":586,"column":null}}},"29":{"name":"(anonymous_46)","decl":{"start":{"line":585,"column":15},"end":{"line":585,"column":21}},"loc":{"start":{"line":585,"column":15},"end":{"line":585,"column":21}}},"30":{"name":"setup","decl":{"start":{"line":598,"column":40},"end":{"line":598,"column":null}},"loc":{"start":{"line":610,"column":15},"end":{"line":616,"column":null}}},"31":{"name":"(anonymous_48)","decl":{"start":{"line":612,"column":18},"end":{"line":612,"column":23}},"loc":{"start":{"line":612,"column":23},"end":{"line":614,"column":null}}},"32":{"name":"(anonymous_49)","decl":{"start":{"line":615,"column":15},"end":{"line":615,"column":21}},"loc":{"start":{"line":615,"column":15},"end":{"line":615,"column":21}}}},"branchMap":{"0":{"loc":{"start":{"line":58,"column":4},"end":{"line":66,"column":null}},"type":"if","locations":[{"start":{"line":58,"column":4},"end":{"line":66,"column":null}},{"start":{"line":58,"column":4},"end":{"line":66,"column":null}}]},"1":{"loc":{"start":{"line":59,"column":8},"end":{"line":61,"column":null}},"type":"if","locations":[{"start":{"line":59,"column":8},"end":{"line":61,"column":null}},{"start":{"line":59,"column":8},"end":{"line":61,"column":null}}]},"2":{"loc":{"start":{"line":64,"column":11},"end":{"line":66,"column":null}},"type":"if","locations":[{"start":{"line":64,"column":11},"end":{"line":66,"column":null}},{"start":{"line":64,"column":11},"end":{"line":66,"column":null}}]},"3":{"loc":{"start":{"line":68,"column":4},"end":{"line":68,"column":19}},"type":"if","locations":[{"start":{"line":68,"column":4},"end":{"line":68,"column":19}},{"start":{"line":68,"column":4},"end":{"line":68,"column":19}}]},"4":{"loc":{"start":{"line":70,"column":34},"end":{"line":70,"column":46}},"type":"cond-expr","locations":[{"start":{"line":70,"column":34},"end":{"line":70,"column":46}},{"start":{"line":70,"column":46},"end":{"line":70,"column":null}}]},"5":{"loc":{"start":{"line":101,"column":4},"end":{"line":103,"column":null}},"type":"if","locations":[{"start":{"line":101,"column":4},"end":{"line":103,"column":null}},{"start":{"line":101,"column":4},"end":{"line":103,"column":null}}]},"6":{"loc":{"start":{"line":105,"column":34},"end":{"line":105,"column":41}},"type":"cond-expr","locations":[{"start":{"line":105,"column":34},"end":{"line":105,"column":41}},{"start":{"line":99,"column":20},"end":{"line":99,"column":null}}]},"7":{"loc":{"start":{"line":105,"column":47},"end":{"line":105,"column":56}},"type":"cond-expr","locations":[{"start":{"line":105,"column":47},"end":{"line":105,"column":56}},{"start":{"line":99,"column":20},"end":{"line":99,"column":null}}]},"8":{"loc":{"start":{"line":109,"column":4},"end":{"line":109,"column":23}},"type":"if","locations":[{"start":{"line":109,"column":4},"end":{"line":109,"column":23}},{"start":{"line":109,"column":4},"end":{"line":109,"column":23}}]},"9":{"loc":{"start":{"line":134,"column":18},"end":{"line":134,"column":null}},"type":"cond-expr","locations":[{"start":{"line":134,"column":18},"end":{"line":134,"column":null}},{"start":{"line":135,"column":18},"end":{"line":135,"column":null}}]},"10":{"loc":{"start":{"line":135,"column":18},"end":{"line":135,"column":26}},"type":"binary-expr","locations":[{"start":{"line":135,"column":18},"end":{"line":135,"column":26}},{"start":{"line":135,"column":60},"end":{"line":135,"column":null}}]},"11":{"loc":{"start":{"line":145,"column":8},"end":{"line":145,"column":32}},"type":"if","locations":[{"start":{"line":145,"column":8},"end":{"line":145,"column":32}},{"start":{"line":145,"column":8},"end":{"line":145,"column":32}}]},"12":{"loc":{"start":{"line":165,"column":32},"end":{"line":165,"column":null}},"type":"cond-expr","locations":[{"start":{"line":165,"column":32},"end":{"line":165,"column":null}},{"start":{"line":162,"column":30},"end":{"line":162,"column":null}}]},"13":{"loc":{"start":{"line":165,"column":32},"end":{"line":165,"column":null}},"type":"binary-expr","locations":[{"start":{"line":165,"column":32},"end":{"line":165,"column":null}},{"start":{"line":165,"column":32},"end":{"line":165,"column":null}}]},"14":{"loc":{"start":{"line":165,"column":32},"end":{"line":165,"column":null}},"type":"cond-expr","locations":[{"start":{"line":165,"column":32},"end":{"line":165,"column":null}},{"start":{"line":163,"column":17},"end":{"line":163,"column":null}}]},"15":{"loc":{"start":{"line":165,"column":32},"end":{"line":165,"column":null}},"type":"cond-expr","locations":[{"start":{"line":165,"column":32},"end":{"line":165,"column":null}},{"start":{"line":164,"column":34},"end":{"line":164,"column":null}}]},"16":{"loc":{"start":{"line":165,"column":32},"end":{"line":165,"column":null}},"type":"cond-expr","locations":[{"start":{"line":165,"column":32},"end":{"line":165,"column":null}},{"start":{"line":165,"column":30},"end":{"line":165,"column":32}}]},"17":{"loc":{"start":{"line":175,"column":8},"end":{"line":177,"column":null}},"type":"if","locations":[{"start":{"line":175,"column":8},"end":{"line":177,"column":null}},{"start":{"line":175,"column":8},"end":{"line":177,"column":null}}]},"18":{"loc":{"start":{"line":193,"column":17},"end":{"line":193,"column":null}},"type":"cond-expr","locations":[{"start":{"line":193,"column":17},"end":{"line":193,"column":null}},{"start":{"line":193,"column":15},"end":{"line":193,"column":17}}]},"19":{"loc":{"start":{"line":193,"column":17},"end":{"line":193,"column":null}},"type":"binary-expr","locations":[{"start":{"line":193,"column":17},"end":{"line":193,"column":null}},{"start":{"line":193,"column":17},"end":{"line":193,"column":null}}]},"20":{"loc":{"start":{"line":195,"column":4},"end":{"line":197,"column":null}},"type":"if","locations":[{"start":{"line":195,"column":4},"end":{"line":197,"column":null}},{"start":{"line":195,"column":4},"end":{"line":197,"column":null}}]},"21":{"loc":{"start":{"line":199,"column":19},"end":{"line":199,"column":40}},"type":"binary-expr","locations":[{"start":{"line":199,"column":19},"end":{"line":199,"column":40}},{"start":{"line":199,"column":40},"end":{"line":199,"column":null}}]},"22":{"loc":{"start":{"line":200,"column":4},"end":{"line":208,"column":null}},"type":"if","locations":[{"start":{"line":200,"column":4},"end":{"line":208,"column":null}},{"start":{"line":200,"column":4},"end":{"line":208,"column":null}}]},"23":{"loc":{"start":{"line":202,"column":8},"end":{"line":207,"column":null}},"type":"if","locations":[{"start":{"line":202,"column":8},"end":{"line":207,"column":null}},{"start":{"line":202,"column":8},"end":{"line":207,"column":null}}]},"24":{"loc":{"start":{"line":203,"column":43},"end":{"line":203,"column":49}},"type":"cond-expr","locations":[{"start":{"line":203,"column":43},"end":{"line":203,"column":49}},{"start":{"line":203,"column":49},"end":{"line":203,"column":57}}]},"25":{"loc":{"start":{"line":214,"column":20},"end":{"line":214,"column":39}},"type":"binary-expr","locations":[{"start":{"line":214,"column":20},"end":{"line":214,"column":39}},{"start":{"line":214,"column":39},"end":{"line":214,"column":60}}]},"26":{"loc":{"start":{"line":233,"column":8},"end":{"line":237,"column":null}},"type":"if","locations":[{"start":{"line":233,"column":8},"end":{"line":237,"column":null}},{"start":{"line":233,"column":8},"end":{"line":237,"column":null}}]},"27":{"loc":{"start":{"line":239,"column":8},"end":{"line":251,"column":null}},"type":"if","locations":[{"start":{"line":239,"column":8},"end":{"line":251,"column":null}},{"start":{"line":239,"column":8},"end":{"line":251,"column":null}}]},"28":{"loc":{"start":{"line":242,"column":12},"end":{"line":248,"column":null}},"type":"if","locations":[{"start":{"line":242,"column":12},"end":{"line":248,"column":null}},{"start":{"line":242,"column":12},"end":{"line":248,"column":null}}]},"29":{"loc":{"start":{"line":243,"column":16},"end":{"line":243,"column":null}},"type":"binary-expr","locations":[{"start":{"line":243,"column":16},"end":{"line":243,"column":null}},{"start":{"line":244,"column":17},"end":{"line":244,"column":null}},{"start":{"line":245,"column":16},"end":{"line":245,"column":null}}]},"30":{"loc":{"start":{"line":255,"column":19},"end":{"line":255,"column":33}},"type":"binary-expr","locations":[{"start":{"line":255,"column":19},"end":{"line":255,"column":33}},{"start":{"line":255,"column":33},"end":{"line":255,"column":53}},{"start":{"line":255,"column":53},"end":{"line":255,"column":null}}]},"31":{"loc":{"start":{"line":256,"column":28},"end":{"line":256,"column":42}},"type":"binary-expr","locations":[{"start":{"line":256,"column":28},"end":{"line":256,"column":42}},{"start":{"line":256,"column":42},"end":{"line":256,"column":72}}]},"32":{"loc":{"start":{"line":263,"column":8},"end":{"line":276,"column":null}},"type":"if","locations":[{"start":{"line":263,"column":8},"end":{"line":276,"column":null}},{"start":{"line":263,"column":8},"end":{"line":276,"column":null}}]},"33":{"loc":{"start":{"line":265,"column":12},"end":{"line":271,"column":null}},"type":"if","locations":[{"start":{"line":265,"column":12},"end":{"line":271,"column":null}},{"start":{"line":265,"column":12},"end":{"line":271,"column":null}}]},"34":{"loc":{"start":{"line":266,"column":16},"end":{"line":266,"column":null}},"type":"binary-expr","locations":[{"start":{"line":266,"column":16},"end":{"line":266,"column":null}},{"start":{"line":267,"column":17},"end":{"line":267,"column":null}},{"start":{"line":268,"column":16},"end":{"line":268,"column":null}}]},"35":{"loc":{"start":{"line":273,"column":12},"end":{"line":275,"column":null}},"type":"if","locations":[{"start":{"line":273,"column":12},"end":{"line":275,"column":null}},{"start":{"line":273,"column":12},"end":{"line":275,"column":null}}]},"36":{"loc":{"start":{"line":294,"column":39},"end":{"line":294,"column":56}},"type":"binary-expr","locations":[{"start":{"line":294,"column":39},"end":{"line":294,"column":56}},{"start":{"line":294,"column":56},"end":{"line":294,"column":null}}]},"37":{"loc":{"start":{"line":305,"column":8},"end":{"line":320,"column":null}},"type":"if","locations":[{"start":{"line":305,"column":8},"end":{"line":320,"column":null}},{"start":{"line":305,"column":8},"end":{"line":320,"column":null}}]},"38":{"loc":{"start":{"line":309,"column":31},"end":{"line":309,"column":42}},"type":"binary-expr","locations":[{"start":{"line":309,"column":31},"end":{"line":309,"column":42}},{"start":{"line":309,"column":46},"end":{"line":309,"column":null}}]},"39":{"loc":{"start":{"line":312,"column":16},"end":{"line":312,"column":32}},"type":"binary-expr","locations":[{"start":{"line":312,"column":16},"end":{"line":312,"column":32}},{"start":{"line":312,"column":32},"end":{"line":312,"column":43}}]},"40":{"loc":{"start":{"line":325,"column":14},"end":{"line":325,"column":24}},"type":"cond-expr","locations":[{"start":{"line":325,"column":14},"end":{"line":325,"column":24}},{"start":{"line":326,"column":14},"end":{"line":326,"column":null}}]},"41":{"loc":{"start":{"line":336,"column":8},"end":{"line":339,"column":null}},"type":"if","locations":[{"start":{"line":336,"column":8},"end":{"line":339,"column":null}},{"start":{"line":336,"column":8},"end":{"line":339,"column":null}}]},"42":{"loc":{"start":{"line":371,"column":17},"end":{"line":371,"column":null}},"type":"cond-expr","locations":[{"start":{"line":371,"column":17},"end":{"line":371,"column":null}},{"start":{"line":371,"column":15},"end":{"line":371,"column":17}}]},"43":{"loc":{"start":{"line":371,"column":17},"end":{"line":371,"column":null}},"type":"binary-expr","locations":[{"start":{"line":371,"column":17},"end":{"line":371,"column":null}},{"start":{"line":371,"column":17},"end":{"line":371,"column":null}}]},"44":{"loc":{"start":{"line":385,"column":4},"end":{"line":400,"column":null}},"type":"if","locations":[{"start":{"line":385,"column":4},"end":{"line":400,"column":null}},{"start":{"line":385,"column":4},"end":{"line":400,"column":null}}]},"45":{"loc":{"start":{"line":389,"column":27},"end":{"line":389,"column":38}},"type":"binary-expr","locations":[{"start":{"line":389,"column":27},"end":{"line":389,"column":38}},{"start":{"line":389,"column":42},"end":{"line":389,"column":null}}]},"46":{"loc":{"start":{"line":392,"column":12},"end":{"line":392,"column":28}},"type":"binary-expr","locations":[{"start":{"line":392,"column":12},"end":{"line":392,"column":28}},{"start":{"line":392,"column":28},"end":{"line":392,"column":39}}]},"47":{"loc":{"start":{"line":402,"column":26},"end":{"line":402,"column":36}},"type":"cond-expr","locations":[{"start":{"line":402,"column":26},"end":{"line":402,"column":36}},{"start":{"line":402,"column":66},"end":{"line":402,"column":null}}]},"48":{"loc":{"start":{"line":406,"column":4},"end":{"line":409,"column":null}},"type":"if","locations":[{"start":{"line":406,"column":4},"end":{"line":409,"column":null}},{"start":{"line":406,"column":4},"end":{"line":409,"column":null}}]},"49":{"loc":{"start":{"line":487,"column":18},"end":{"line":487,"column":39}},"type":"binary-expr","locations":[{"start":{"line":487,"column":18},"end":{"line":487,"column":39}},{"start":{"line":487,"column":39},"end":{"line":487,"column":null}}]},"50":{"loc":{"start":{"line":489,"column":18},"end":{"line":489,"column":null}},"type":"binary-expr","locations":[{"start":{"line":489,"column":18},"end":{"line":489,"column":null}},{"start":{"line":489,"column":18},"end":{"line":489,"column":30}}]},"51":{"loc":{"start":{"line":492,"column":8},"end":{"line":494,"column":null}},"type":"if","locations":[{"start":{"line":492,"column":8},"end":{"line":494,"column":null}},{"start":{"line":492,"column":8},"end":{"line":494,"column":null}}]},"52":{"loc":{"start":{"line":517,"column":14},"end":{"line":517,"column":31}},"type":"binary-expr","locations":[{"start":{"line":517,"column":14},"end":{"line":517,"column":31}},{"start":{"line":517,"column":31},"end":{"line":517,"column":null}}]}},"s":{"0":16,"1":16,"2":16,"3":16,"4":16,"5":16,"6":520,"7":520,"8":149,"9":149,"10":520,"11":29,"12":16,"13":29,"14":29,"15":491,"16":277,"17":520,"18":303,"19":520,"20":520,"21":520,"22":70,"23":70,"24":0,"25":0,"26":520,"27":0,"28":520,"29":520,"30":520,"31":2600,"32":520,"33":520,"34":520,"35":520,"36":277,"37":243,"38":243,"39":243,"40":70,"41":70,"42":243,"43":372,"44":372,"45":372,"46":372,"47":372,"48":372,"49":520,"50":520,"51":520,"52":520,"53":277,"54":243,"55":243,"56":243,"57":95,"58":219,"59":219,"60":219,"61":219,"62":219,"63":712,"64":712,"65":712,"66":712,"67":121,"68":712,"69":219,"70":99,"71":99,"72":4,"73":99,"74":99,"75":8,"76":8,"77":7,"78":1,"79":98,"80":98,"81":98,"82":98,"83":98,"84":372,"85":98,"86":114,"87":114,"88":274,"89":0,"90":274,"91":1,"92":1,"93":0,"94":1,"95":1,"96":273,"97":273,"98":60,"99":60,"100":60,"101":60,"102":60,"103":60,"104":273,"105":114,"106":62,"107":62,"108":62,"109":62,"110":62,"111":62,"112":67,"113":67,"114":67,"115":67,"116":67,"117":67,"118":67,"119":67,"120":67,"121":67,"122":67,"123":62,"124":67,"125":67,"126":67,"127":67,"128":4,"129":63,"130":92,"131":92,"132":92,"133":92,"134":63,"135":0,"136":0,"137":0,"138":0,"139":0,"140":0,"141":0,"142":0,"143":0,"144":0,"145":0,"146":0,"147":0,"148":0,"149":0,"150":0,"151":0,"152":16,"153":53,"154":53,"155":53,"156":53,"157":53,"158":36,"159":108,"160":108,"161":27,"162":108,"163":9,"164":9,"165":9,"166":16,"167":32,"168":32,"169":32,"170":16,"171":53,"172":57,"173":16,"174":2,"175":2,"176":2,"177":2,"178":2},"f":{"0":520,"1":149,"2":70,"3":520,"4":70,"5":372,"6":219,"7":712,"8":99,"9":114,"10":274,"11":62,"12":62,"13":67,"14":67,"15":92,"16":0,"17":0,"18":53,"19":53,"20":53,"21":36,"22":108,"23":9,"24":9,"25":9,"26":32,"27":32,"28":53,"29":57,"30":2,"31":2,"32":2},"b":{"0":[29,491],"1":[16,13],"2":[277,214],"3":[303,217],"4":[0,520],"5":[0,520],"6":[211,309],"7":[0,520],"8":[277,243],"9":[374,146],"10":[146,42],"11":[277,243],"12":[121,98],"13":[876,484],"14":[121,98],"15":[121,98],"16":[121,98],"17":[121,591],"18":[69,30],"19":[99,69],"20":[4,95],"21":[99,0],"22":[8,91],"23":[7,1],"24":[3,4],"25":[470,375],"26":[0,274],"27":[1,273],"28":[0,1],"29":[1,1,0],"30":[273,271,2],"31":[273,271],"32":[60,213],"33":[60,0],"34":[60,60,60],"35":[60,0],"36":[62,60],"37":[67,0],"38":[67,4],"39":[67,4],"40":[2,65],"41":[4,63],"42":[0,0],"43":[0,0],"44":[0,0],"45":[0,0],"46":[0,0],"47":[0,0],"48":[0,0],"49":[108,0],"50":[108,0],"51":[27,81],"52":[9,9]}}
,"/Users/jokcylou/workspace/personal/svuex/lib/context.tsx": {"path":"/Users/jokcylou/workspace/personal/svuex/lib/context.tsx","statementMap":{"0":{"start":{"line":1,"column":0},"end":{"line":1,"column":null}},"1":{"start":{"line":25,"column":0},"end":{"line":25,"column":null}},"2":{"start":{"line":27,"column":0},"end":{"line":27,"column":null}},"3":{"start":{"line":52,"column":34},"end":{"line":52,"column":41}},"4":{"start":{"line":53,"column":31},"end":{"line":53,"column":38}},"5":{"start":{"line":57,"column":23},"end":{"line":57,"column":null}},"6":{"start":{"line":62,"column":4},"end":{"line":62,"column":null}},"7":{"start":{"line":69,"column":4},"end":{"line":69,"column":11}},"8":{"start":{"line":73,"column":23},"end":{"line":73,"column":null}},"9":{"start":{"line":78,"column":4},"end":{"line":78,"column":11}},"10":{"start":{"line":78,"column":20},"end":{"line":78,"column":26}},"11":{"start":{"line":82,"column":26},"end":{"line":82,"column":null}},"12":{"start":{"line":84,"column":4},"end":{"line":84,"column":16}},"13":{"start":{"line":85,"column":8},"end":{"line":85,"column":null}},"14":{"start":{"line":112,"column":23},"end":{"line":112,"column":null}},"15":{"start":{"line":113,"column":24},"end":{"line":113,"column":33}},"16":{"start":{"line":113,"column":33},"end":{"line":113,"column":39}},"17":{"start":{"line":115,"column":4},"end":{"line":115,"column":11}},"18":{"start":{"line":119,"column":23},"end":{"line":119,"column":null}},"19":{"start":{"line":134,"column":4},"end":{"line":134,"column":11}},"20":{"start":{"line":145,"column":28},"end":{"line":145,"column":null}},"21":{"start":{"line":146,"column":22},"end":{"line":146,"column":31}},"22":{"start":{"line":146,"column":31},"end":{"line":146,"column":37}},"23":{"start":{"line":147,"column":4},"end":{"line":147,"column":11}},"24":{"start":{"line":158,"column":28},"end":{"line":158,"column":null}},"25":{"start":{"line":159,"column":22},"end":{"line":159,"column":31}},"26":{"start":{"line":159,"column":31},"end":{"line":159,"column":37}},"27":{"start":{"line":160,"column":4},"end":{"line":160,"column":11}},"28":{"start":{"line":171,"column":28},"end":{"line":171,"column":null}},"29":{"start":{"line":172,"column":4},"end":{"line":172,"column":11}},"30":{"start":{"line":172,"column":20},"end":{"line":172,"column":26}},"31":{"start":{"line":188,"column":39},"end":{"line":188,"column":55}},"32":{"start":{"line":196,"column":26},"end":{"line":196,"column":25}},"33":{"start":{"line":197,"column":8},"end":{"line":197,"column":16}},"34":{"start":{"line":198,"column":8},"end":{"line":198,"column":15}},"35":{"start":{"line":198,"column":15},"end":{"line":198,"column":21}},"36":{"start":{"line":202,"column":36},"end":{"line":202,"column":52}},"37":{"start":{"line":214,"column":26},"end":{"line":214,"column":25}},"38":{"start":{"line":215,"column":24},"end":{"line":215,"column":33}},"39":{"start":{"line":215,"column":33},"end":{"line":215,"column":39}},"40":{"start":{"line":216,"column":8},"end":{"line":216,"column":16}},"41":{"start":{"line":218,"column":8},"end":{"line":218,"column":15}},"42":{"start":{"line":218,"column":15},"end":{"line":218,"column":21}},"43":{"start":{"line":231,"column":4},"end":{"line":231,"column":24}},"44":{"start":{"line":235,"column":23},"end":{"line":235,"column":null}},"45":{"start":{"line":237,"column":4},"end":{"line":237,"column":16}},"46":{"start":{"line":238,"column":30},"end":{"line":237,"column":20}},"47":{"start":{"line":239,"column":8},"end":{"line":239,"column":null}},"48":{"start":{"line":239,"column":22},"end":{"line":239,"column":null}},"49":{"start":{"line":241,"column":24},"end":{"line":241,"column":34}},"50":{"start":{"line":242,"column":34},"end":{"line":242,"column":null}},"51":{"start":{"line":248,"column":20},"end":{"line":248,"column":null}},"52":{"start":{"line":249,"column":20},"end":{"line":249,"column":22}},"53":{"start":{"line":253,"column":12},"end":{"line":253,"column":19}},"54":{"start":{"line":256,"column":8},"end":{"line":256,"column":15}},"55":{"start":{"line":269,"column":4},"end":{"line":269,"column":24}},"56":{"start":{"line":273,"column":25},"end":{"line":273,"column":null}},"57":{"start":{"line":274,"column":20},"end":{"line":274,"column":36}},"58":{"start":{"line":276,"column":4},"end":{"line":276,"column":11}},"59":{"start":{"line":277,"column":8},"end":{"line":277,"column":15}},"60":{"start":{"line":298,"column":4},"end":{"line":298,"column":24}},"61":{"start":{"line":302,"column":23},"end":{"line":302,"column":null}},"62":{"start":{"line":303,"column":21},"end":{"line":303,"column":null}},"63":{"start":{"line":305,"column":23},"end":{"line":305,"column":27}},"64":{"start":{"line":306,"column":4},"end":{"line":306,"column":14}},"65":{"start":{"line":306,"column":14},"end":{"line":306,"column":21}},"66":{"start":{"line":308,"column":4},"end":{"line":308,"column":11}},"67":{"start":{"line":311,"column":8},"end":{"line":310,"column":null}},"68":{"start":{"line":312,"column":26},"end":{"line":312,"column":null}},"69":{"start":{"line":313,"column":29},"end":{"line":311,"column":7}},"70":{"start":{"line":315,"column":8},"end":{"line":331,"column":null}},"71":{"start":{"line":316,"column":12},"end":{"line":324,"column":null}},"72":{"start":{"line":317,"column":16},"end":{"line":317,"column":25}},"73":{"start":{"line":319,"column":29},"end":{"line":319,"column":41}},"74":{"start":{"line":320,"column":17},"end":{"line":320,"column":18}},"75":{"start":{"line":326,"column":12},"end":{"line":326,"column":null}}},"fnMap":{"0":{"name":"useHistoryContext","decl":{"start":{"line":56,"column":16},"end":{"line":56,"column":34}},"loc":{"start":{"line":56,"column":47},"end":{"line":70,"column":null}}},"1":{"name":"useInRouter","decl":{"start":{"line":72,"column":16},"end":{"line":72,"column":27}},"loc":{"start":{"line":72,"column":27},"end":{"line":79,"column":null}}},"2":{"name":"(anonymous_8)","decl":{"start":{"line":78,"column":20},"end":{"line":78,"column":26}},"loc":{"start":{"line":78,"column":20},"end":{"line":78,"column":26}}},"3":{"name":"useInRouterInvariant","decl":{"start":{"line":81,"column":16},"end":{"line":81,"column":37}},"loc":{"start":{"line":81,"column":48},"end":{"line":91,"column":null}}},"4":{"name":"(anonymous_10)","decl":{"start":{"line":84,"column":16},"end":{"line":84,"column":21}},"loc":{"start":{"line":84,"column":21},"end":{"line":90,"column":null}}},"5":{"name":"useLocation","decl":{"start":{"line":103,"column":16},"end":{"line":103,"column":27}},"loc":{"start":{"line":103,"column":27},"end":{"line":116,"column":null}}},"6":{"name":"(anonymous_12)","decl":{"start":{"line":113,"column":33},"end":{"line":113,"column":39}},"loc":{"start":{"line":113,"column":33},"end":{"line":113,"column":39}}},"7":{"name":"useRouteContext","decl":{"start":{"line":118,"column":16},"end":{"line":118,"column":31}},"loc":{"start":{"line":118,"column":31},"end":{"line":135,"column":null}}},"8":{"name":"useOutlet","decl":{"start":{"line":143,"column":16},"end":{"line":143,"column":25}},"loc":{"start":{"line":143,"column":25},"end":{"line":148,"column":null}}},"9":{"name":"(anonymous_15)","decl":{"start":{"line":146,"column":31},"end":{"line":146,"column":37}},"loc":{"start":{"line":146,"column":31},"end":{"line":146,"column":37}}},"10":{"name":"useParams","decl":{"start":{"line":156,"column":16},"end":{"line":156,"column":25}},"loc":{"start":{"line":156,"column":25},"end":{"line":161,"column":null}}},"11":{"name":"(anonymous_17)","decl":{"start":{"line":159,"column":31},"end":{"line":159,"column":37}},"loc":{"start":{"line":159,"column":31},"end":{"line":159,"column":37}}},"12":{"name":"useResolvedPath","decl":{"start":{"line":168,"column":16},"end":{"line":168,"column":32}},"loc":{"start":{"line":168,"column":44},"end":{"line":173,"column":null}}},"13":{"name":"(anonymous_19)","decl":{"start":{"line":172,"column":20},"end":{"line":172,"column":26}},"loc":{"start":{"line":172,"column":20},"end":{"line":172,"column":26}}},"14":{"name":"setup","decl":{"start":{"line":188,"column":55},"end":{"line":188,"column":null}},"loc":{"start":{"line":196,"column":26},"end":{"line":199,"column":null}}},"15":{"name":"(anonymous_21)","decl":{"start":{"line":198,"column":15},"end":{"line":198,"column":21}},"loc":{"start":{"line":198,"column":15},"end":{"line":198,"column":21}}},"16":{"name":"setup","decl":{"start":{"line":202,"column":52},"end":{"line":202,"column":null}},"loc":{"start":{"line":214,"column":26},"end":{"line":219,"column":null}}},"17":{"name":"(anonymous_23)","decl":{"start":{"line":215,"column":33},"end":{"line":215,"column":39}},"loc":{"start":{"line":215,"column":33},"end":{"line":215,"column":39}}},"18":{"name":"(anonymous_24)","decl":{"start":{"line":218,"column":15},"end":{"line":218,"column":21}},"loc":{"start":{"line":218,"column":15},"end":{"line":218,"column":21}}},"19":{"name":"useBlocker","decl":{"start":{"line":228,"column":16},"end":{"line":228,"column":27}},"loc":{"start":{"line":228,"column":67},"end":{"line":258,"column":null}}},"20":{"name":"(anonymous_26)","decl":{"start":{"line":237,"column":16},"end":{"line":237,"column":21}},"loc":{"start":{"line":237,"column":21},"end":{"line":257,"column":null}}},"21":{"name":"(anonymous_27)","decl":{"start":{"line":241,"column":41},"end":{"line":241,"column":42}},"loc":{"start":{"line":241,"column":60},"end":{"line":254,"column":null}}},"22":{"name":"retry","decl":{"start":{"line":242,"column":34},"end":{"line":242,"column":null}},"loc":{"start":{"line":244,"column":21},"end":{"line":250,"column":null}}},"23":{"name":"useHref","decl":{"start":{"line":266,"column":16},"end":{"line":266,"column":24}},"loc":{"start":{"line":266,"column":36},"end":{"line":279,"column":null}}},"24":{"name":"(anonymous_30)","decl":{"start":{"line":276,"column":20},"end":{"line":276,"column":25}},"loc":{"start":{"line":276,"column":25},"end":{"line":278,"column":null}}},"25":{"name":"useNavigate","decl":{"start":{"line":295,"column":16},"end":{"line":295,"column":27}},"loc":{"start":{"line":295,"column":27},"end":{"line":333,"column":null}}},"26":{"name":"(anonymous_32)","decl":{"start":{"line":306,"column":14},"end":{"line":306,"column":21}},"loc":{"start":{"line":306,"column":14},"end":{"line":306,"column":21}}},"27":{"name":"(anonymous_33)","decl":{"start":{"line":308,"column":11},"end":{"line":308,"column":null}},"loc":{"start":{"line":311,"column":8},"end":{"line":332,"column":null}}}},"branchMap":{"0":{"loc":{"start":{"line":63,"column":8},"end":{"line":63,"column":24}},"type":"binary-expr","locations":[{"start":{"line":63,"column":8},"end":{"line":63,"column":24}},{"start":{"line":63,"column":24},"end":{"line":63,"column":30}}]},"1":{"loc":{"start":{"line":64,"column":12},"end":{"line":64,"column":null}},"type":"cond-expr","locations":[{"start":{"line":64,"column":12},"end":{"line":64,"column":null}},{"start":{"line":66,"column":14},"end":{"line":66,"column":null}}]},"2":{"loc":{"start":{"line":78,"column":29},"end":{"line":78,"column":39}},"type":"binary-expr","locations":[{"start":{"line":78,"column":29},"end":{"line":78,"column":39}},{"start":{"line":78,"column":43},"end":{"line":78,"column":null}}]},"3":{"loc":{"start":{"line":239,"column":8},"end":{"line":239,"column":null}},"type":"if","locations":[{"start":{"line":239,"column":8},"end":{"line":239,"column":null}},{"start":{"line":239,"column":8},"end":{"line":239,"column":null}}]},"4":{"loc":{"start":{"line":311,"column":8},"end":{"line":311,"column":null}},"type":"cond-expr","locations":[{"start":{"line":311,"column":8},"end":{"line":311,"column":null}},{"start":{"line":310,"column":56},"end":{"line":310,"column":null}}]},"5":{"loc":{"start":{"line":311,"column":8},"end":{"line":311,"column":null}},"type":"binary-expr","locations":[{"start":{"line":311,"column":8},"end":{"line":311,"column":null}},{"start":{"line":311,"column":8},"end":{"line":311,"column":null}}]},"6":{"loc":{"start":{"line":315,"column":8},"end":{"line":331,"column":null}},"type":"if","locations":[{"start":{"line":315,"column":8},"end":{"line":331,"column":null}},{"start":{"line":315,"column":8},"end":{"line":331,"column":null}}]},"7":{"loc":{"start":{"line":316,"column":12},"end":{"line":324,"column":null}},"type":"if","locations":[{"start":{"line":316,"column":12},"end":{"line":324,"column":null}},{"start":{"line":316,"column":12},"end":{"line":324,"column":null}}]},"8":{"loc":{"start":{"line":320,"column":36},"end":{"line":320,"column":56}},"type":"cond-expr","locations":[{"start":{"line":320,"column":36},"end":{"line":320,"column":56}},{"start":{"line":320,"column":56},"end":{"line":320,"column":null}}]}},"s":{"0":16,"1":16,"2":16,"3":16,"4":16,"5":108,"6":108,"7":108,"8":92,"9":92,"10":98,"11":32,"12":32,"13":38,"14":76,"15":76,"16":78,"17":76,"18":148,"19":148,"20":32,"21":32,"22":32,"23":32,"24":9,"25":9,"26":9,"27":9,"28":26,"29":26,"30":18,"31":16,"32":59,"33":59,"34":59,"35":64,"36":16,"37":87,"38":87,"39":56,"40":87,"41":87,"42":92,"43":0,"44":0,"45":0,"46":0,"47":0,"48":0,"49":0,"50":0,"51":0,"52":0,"53":0,"54":0,"55":13,"56":13,"57":13,"58":13,"59":13,"60":19,"61":19,"62":19,"63":19,"64":19,"65":19,"66":19,"67":11,"68":11,"69":11,"70":11,"71":11,"72":0,"73":11,"74":11,"75":0},"f":{"0":108,"1":92,"2":98,"3":32,"4":38,"5":76,"6":78,"7":148,"8":32,"9":32,"10":9,"11":9,"12":26,"13":18,"14":59,"15":64,"16":87,"17":56,"18":92,"19":0,"20":0,"21":0,"22":0,"23":13,"24":13,"25":19,"26":19,"27":11},"b":{"0":[108,108],"1":[0,108],"2":[98,39],"3":[0,0],"4":[8,3],"5":[11,9],"6":[11,0],"7":[0,11],"8":[2,9]}}
,"/Users/jokcylou/workspace/personal/svuex/lib/forEachChild.ts": {"path":"/Users/jokcylou/workspace/personal/svuex/lib/forEachChild.ts","statementMap":{"0":{"start":{"line":1,"column":0},"end":{"line":1,"column":null}},"1":{"start":{"line":6,"column":28},"end":{"line":6,"column":27}},"2":{"start":{"line":13,"column":4},"end":{"line":13,"column":45}},"3":{"start":{"line":13,"column":38},"end":{"line":13,"column":45}},"4":{"start":{"line":15,"column":4},"end":{"line":23,"column":null}},"5":{"start":{"line":16,"column":8},"end":{"line":20,"column":null}},"6":{"start":{"line":17,"column":12},"end":{"line":17,"column":24}},"7":{"start":{"line":19,"column":12},"end":{"line":19,"column":14}},"8":{"start":{"line":21,"column":11},"end":{"line":23,"column":null}},"9":{"start":{"line":22,"column":8},"end":{"line":22,"column":16}},"10":{"start":{"line":22,"column":30},"end":{"line":22,"column":34}}},"fnMap":{"0":{"name":"forEachChild","decl":{"start":{"line":3,"column":24},"end":{"line":3,"column":null}},"loc":{"start":{"line":6,"column":28},"end":{"line":24,"column":null}}},"1":{"name":"(anonymous_4)","decl":{"start":{"line":22,"column":25},"end":{"line":22,"column":30}},"loc":{"start":{"line":22,"column":30},"end":{"line":22,"column":34}}}},"branchMap":{"0":{"loc":{"start":{"line":6,"column":28},"end":{"line":6,"column":null}},"type":"cond-expr","locations":[{"start":{"line":6,"column":28},"end":{"line":6,"column":null}},{"start":{"line":6,"column":23},"end":{"line":6,"column":28}}]},"1":{"loc":{"start":{"line":6,"column":28},"end":{"line":6,"column":null}},"type":"binary-expr","locations":[{"start":{"line":6,"column":28},"end":{"line":6,"column":null}},{"start":{"line":6,"column":28},"end":{"line":6,"column":null}}]},"2":{"loc":{"start":{"line":13,"column":4},"end":{"line":13,"column":45}},"type":"if","locations":[{"start":{"line":13,"column":4},"end":{"line":13,"column":45}},{"start":{"line":13,"column":4},"end":{"line":13,"column":45}}]},"3":{"loc":{"start":{"line":15,"column":4},"end":{"line":23,"column":null}},"type":"if","locations":[{"start":{"line":15,"column":4},"end":{"line":23,"column":null}},{"start":{"line":15,"column":4},"end":{"line":23,"column":null}}]},"4":{"loc":{"start":{"line":16,"column":8},"end":{"line":20,"column":null}},"type":"if","locations":[{"start":{"line":16,"column":8},"end":{"line":20,"column":null}},{"start":{"line":16,"column":8},"end":{"line":20,"column":null}}]},"5":{"loc":{"start":{"line":16,"column":12},"end":{"line":16,"column":42}},"type":"binary-expr","locations":[{"start":{"line":16,"column":12},"end":{"line":16,"column":42}},{"start":{"line":16,"column":42},"end":{"line":16,"column":60}}]},"6":{"loc":{"start":{"line":21,"column":11},"end":{"line":23,"column":null}},"type":"if","locations":[{"start":{"line":21,"column":11},"end":{"line":23,"column":null}},{"start":{"line":21,"column":11},"end":{"line":23,"column":null}}]}},"s":{"0":16,"1":388,"2":388,"3":0,"4":388,"5":274,"6":0,"7":274,"8":114,"9":114,"10":274},"f":{"0":388,"1":274},"b":{"0":[274,114],"1":[388,274],"2":[0,388],"3":[274,114],"4":[0,274],"5":[274,1],"6":[114,0]}}
,"/Users/jokcylou/workspace/personal/svuex/lib/generate-path.ts": {"path":"/Users/jokcylou/workspace/personal/svuex/lib/generate-path.ts","statementMap":{"0":{"start":{"line":1,"column":0},"end":{"line":1,"column":null}},"1":{"start":{"line":11,"column":23},"end":{"line":11,"column":22}},"2":{"start":{"line":13,"column":4},"end":{"line":13,"column":11}},"3":{"start":{"line":15,"column":12},"end":{"line":15,"column":22}},"4":{"start":{"line":16,"column":12},"end":{"line":16,"column":19}},"5":{"start":{"line":18,"column":27},"end":{"line":18,"column":null}}},"fnMap":{"0":{"name":"generatePath","decl":{"start":{"line":9,"column":24},"end":{"line":9,"column":null}},"loc":{"start":{"line":11,"column":23},"end":{"line":21,"column":null}}},"1":{"name":"(anonymous_1)","decl":{"start":{"line":14,"column":28},"end":{"line":14,"column":29}},"loc":{"start":{"line":14,"column":39},"end":{"line":17,"column":null}}},"2":{"name":"(anonymous_2)","decl":{"start":{"line":18,"column":27},"end":{"line":18,"column":null}},"loc":{"start":{"line":18,"column":27},"end":{"line":18,"column":null}}}},"branchMap":{"0":{"loc":{"start":{"line":11,"column":23},"end":{"line":11,"column":null}},"type":"cond-expr","locations":[{"start":{"line":11,"column":23},"end":{"line":11,"column":null}},{"start":{"line":11,"column":21},"end":{"line":11,"column":23}}]},"1":{"loc":{"start":{"line":11,"column":23},"end":{"line":11,"column":null}},"type":"binary-expr","locations":[{"start":{"line":11,"column":23},"end":{"line":11,"column":null}},{"start":{"line":11,"column":23},"end":{"line":11,"column":null}}]},"2":{"loc":{"start":{"line":19,"column":34},"end":{"line":19,"column":39}},"type":"cond-expr","locations":[{"start":{"line":19,"column":34},"end":{"line":19,"column":39}},{"start":{"line":19,"column":39},"end":{"line":19,"column":45}}]}},"s":{"0":16,"1":9,"2":9,"3":2,"4":1,"5":3},"f":{"0":9,"1":2,"2":3},"b":{"0":[7,2],"1":[9,7],"2":[1,2]}}
,"/Users/jokcylou/workspace/personal/svuex/lib/index.ts": {"path":"/Users/jokcylou/workspace/personal/svuex/lib/index.ts","statementMap":{"0":{"start":{"line":1,"column":0},"end":{"line":1,"column":null}},"1":{"start":{"line":3,"column":0},"end":{"line":3,"column":null}},"2":{"start":{"line":4,"column":0},"end":{"line":4,"column":null}},"3":{"start":{"line":5,"column":0},"end":{"line":5,"column":null}},"4":{"start":{"line":6,"column":0},"end":{"line":6,"column":null}},"5":{"start":{"line":7,"column":0},"end":{"line":7,"column":null}}},"fnMap":{"0":{"name":"(anonymous_1)","decl":{"start":{"line":3,"column":0},"end":{"line":3,"column":null}},"loc":{"start":{"line":3,"column":0},"end":{"line":3,"column":null}}},"1":{"name":"(anonymous_3)","decl":{"start":{"line":4,"column":0},"end":{"line":4,"column":null}},"loc":{"start":{"line":4,"column":0},"end":{"line":4,"column":null}}},"2":{"name":"(anonymous_5)","decl":{"start":{"line":5,"column":0},"end":{"line":5,"column":null}},"loc":{"start":{"line":5,"column":0},"end":{"line":5,"column":null}}},"3":{"name":"(anonymous_7)","decl":{"start":{"line":6,"column":0},"end":{"line":6,"column":null}},"loc":{"start":{"line":6,"column":0},"end":{"line":6,"column":null}}},"4":{"name":"(anonymous_9)","decl":{"start":{"line":7,"column":0},"end":{"line":7,"column":null}},"loc":{"start":{"line":7,"column":0},"end":{"line":7,"column":null}}}},"branchMap":{"0":{"loc":{"start":{"line":3,"column":0},"end":{"line":3,"column":null}},"type":"if","locations":[{"start":{"line":3,"column":0},"end":{"line":3,"column":null}},{"start":{"line":3,"column":0},"end":{"line":3,"column":null}}]},"1":{"loc":{"start":{"line":4,"column":0},"end":{"line":4,"column":null}},"type":"if","locations":[{"start":{"line":4,"column":0},"end":{"line":4,"column":null}},{"start":{"line":4,"column":0},"end":{"line":4,"column":null}}]},"2":{"loc":{"start":{"line":5,"column":0},"end":{"line":5,"column":null}},"type":"if","locations":[{"start":{"line":5,"column":0},"end":{"line":5,"column":null}},{"start":{"line":5,"column":0},"end":{"line":5,"column":null}}]},"3":{"loc":{"start":{"line":6,"column":0},"end":{"line":6,"column":null}},"type":"if","locations":[{"start":{"line":6,"column":0},"end":{"line":6,"column":null}},{"start":{"line":6,"column":0},"end":{"line":6,"column":null}}]},"4":{"loc":{"start":{"line":7,"column":0},"end":{"line":7,"column":null}},"type":"if","locations":[{"start":{"line":7,"column":0},"end":{"line":7,"column":null}},{"start":{"line":7,"column":0},"end":{"line":7,"column":null}}]}},"s":{"0":16,"1":886,"2":214,"3":96,"4":1004,"5":496},"f":{"0":422,"1":86,"2":16,"3":252,"4":128},"b":{"0":[288,576],"1":[64,128],"2":[32,64],"3":[480,960],"4":[224,448]}}
,"/Users/jokcylou/workspace/personal/svuex/lib/rank-route-branches.ts": {"path":"/Users/jokcylou/workspace/personal/svuex/lib/rank-route-branches.ts","statementMap":{"0":{"start":{"line":3,"column":16},"end":{"line":3,"column":null}},"1":{"start":{"line":4,"column":28},"end":{"line":4,"column":null}},"2":{"start":{"line":5,"column":26},"end":{"line":5,"column":null}},"3":{"start":{"line":6,"column":27},"end":{"line":6,"column":null}},"4":{"start":{"line":7,"column":21},"end":{"line":7,"column":null}},"5":{"start":{"line":8,"column":16},"end":{"line":8,"column":17}},"6":{"start":{"line":20,"column":21},"end":{"line":20,"column":25}},"7":{"start":{"line":21,"column":23},"end":{"line":21,"column":null}},"8":{"start":{"line":22,"column":4},"end":{"line":24,"column":null}},"9":{"start":{"line":23,"column":8},"end":{"line":23,"column":20}},"10":{"start":{"line":26,"column":4},"end":{"line":26,"column":11}},"11":{"start":{"line":27,"column":17},"end":{"line":27,"column":21}},"12":{"start":{"line":29,"column":12},"end":{"line":29,"column":13}},"13":{"start":{"line":42,"column":8},"end":{"line":42,"column":34}},"14":{"start":{"line":42,"column":54},"end":{"line":42,"column":55}},"15":{"start":{"line":44,"column":4},"end":{"line":44,"column":11}},"16":{"start":{"line":58,"column":17},"end":{"line":58,"column":22}},"17":{"start":{"line":59,"column":4},"end":{"line":59,"column":9}},"18":{"start":{"line":60,"column":8},"end":{"line":60,"column":9}},"19":{"start":{"line":65,"column":23},"end":{"line":65,"column":31}},"20":{"start":{"line":66,"column":25},"end":{"line":66,"column":null}},"21":{"start":{"line":67,"column":12},"end":{"line":67,"column":16}},"22":{"start":{"line":68,"column":12},"end":{"line":68,"column":19}},"23":{"start":{"line":75,"column":4},"end":{"line":75,"column":14}},"24":{"start":{"line":75,"column":34},"end":{"line":75,"column":null}},"25":{"start":{"line":77,"column":23},"end":{"line":77,"column":34}},"26":{"start":{"line":80,"column":23},"end":{"line":80,"column":34}},"27":{"start":{"line":82,"column":8},"end":{"line":82,"column":15}}},"fnMap":{"0":{"name":"isSplat","decl":{"start":{"line":8,"column":6},"end":{"line":8,"column":13}},"loc":{"start":{"line":8,"column":16},"end":{"line":8,"column":17}}},"1":{"name":"computeScore","decl":{"start":{"line":19,"column":9},"end":{"line":19,"column":22}},"loc":{"start":{"line":19,"column":34},"end":{"line":38,"column":null}}},"2":{"name":"(anonymous_8)","decl":{"start":{"line":27,"column":16},"end":{"line":27,"column":17}},"loc":{"start":{"line":27,"column":17},"end":{"line":27,"column":21}}},"3":{"name":"(anonymous_9)","decl":{"start":{"line":29,"column":12},"end":{"line":29,"column":13}},"loc":{"start":{"line":29,"column":12},"end":{"line":29,"column":13}}},"4":{"name":"compareIndexes","decl":{"start":{"line":40,"column":9},"end":{"line":40,"column":24}},"loc":{"start":{"line":40,"column":48},"end":{"line":53,"column":null}}},"5":{"name":"(anonymous_11)","decl":{"start":{"line":42,"column":54},"end":{"line":42,"column":55}},"loc":{"start":{"line":42,"column":54},"end":{"line":42,"column":55}}},"6":{"name":"stableSort","decl":{"start":{"line":55,"column":9},"end":{"line":55,"column":20}},"loc":{"start":{"line":55,"column":74},"end":{"line":62,"column":null}}},"7":{"name":"(anonymous_13)","decl":{"start":{"line":60,"column":8},"end":{"line":60,"column":9}},"loc":{"start":{"line":60,"column":8},"end":{"line":60,"column":9}}},"8":{"name":"rankRouteBranches","decl":{"start":{"line":64,"column":24},"end":{"line":64,"column":42}},"loc":{"start":{"line":64,"column":65},"end":{"line":86,"column":null}}},"9":{"name":"(anonymous_15)","decl":{"start":{"line":66,"column":8},"end":{"line":66,"column":9}},"loc":{"start":{"line":66,"column":25},"end":{"line":69,"column":null}}},"10":{"name":"(anonymous_16)","decl":{"start":{"line":75,"column":25},"end":{"line":75,"column":26}},"loc":{"start":{"line":75,"column":34},"end":{"line":85,"column":null}}}},"branchMap":{"0":{"loc":{"start":{"line":22,"column":4},"end":{"line":24,"column":null}},"type":"if","locations":[{"start":{"line":22,"column":4},"end":{"line":24,"column":null}},{"start":{"line":22,"column":4},"end":{"line":24,"column":null}}]},"1":{"loc":{"start":{"line":32,"column":22},"end":{"line":32,"column":null}},"type":"cond-expr","locations":[{"start":{"line":32,"column":22},"end":{"line":32,"column":null}},{"start":{"line":33,"column":22},"end":{"line":35,"column":null}}]},"2":{"loc":{"start":{"line":34,"column":22},"end":{"line":34,"column":null}},"type":"cond-expr","locations":[{"start":{"line":34,"column":22},"end":{"line":34,"column":null}},{"start":{"line":35,"column":22},"end":{"line":35,"column":null}}]},"3":{"loc":{"start":{"line":42,"column":8},"end":{"line":42,"column":33}},"type":"binary-expr","locations":[{"start":{"line":42,"column":8},"end":{"line":42,"column":33}},{"start":{"line":42,"column":33},"end":{"line":42,"column":34}}]},"4":{"loc":{"start":{"line":49,"column":10},"end":{"line":49,"column":30}},"type":"cond-expr","locations":[{"start":{"line":49,"column":10},"end":{"line":49,"column":30}},{"start":{"line":52,"column":10},"end":{"line":52,"column":null}}]},"5":{"loc":{"start":{"line":60,"column":18},"end":{"line":60,"column":31}},"type":"binary-expr","locations":[{"start":{"line":60,"column":18},"end":{"line":60,"column":31}},{"start":{"line":60,"column":40},"end":{"line":60,"column":62}}]},"6":{"loc":{"start":{"line":83,"column":14},"end":{"line":83,"column":30}},"type":"cond-expr","locations":[{"start":{"line":83,"column":14},"end":{"line":83,"column":30}},{"start":{"line":84,"column":14},"end":{"line":84,"column":29}}]}},"s":{"0":16,"1":16,"2":16,"3":16,"4":16,"5":4232,"6":712,"7":712,"8":712,"9":158,"10":712,"11":2110,"12":1949,"13":210,"14":144,"15":210,"16":98,"17":98,"18":1544,"19":98,"20":1424,"21":712,"22":712,"23":98,"24":9264,"25":1544,"26":1544,"27":1544},"f":{"0":4216,"1":712,"2":2110,"3":1949,"4":210,"5":144,"6":98,"7":1544,"8":98,"9":712,"10":1544},"b":{"0":[158,554],"1":[247,1702],"2":[809,893],"3":[210,210],"4":[102,108],"5":[1544,108],"6":[1334,210]}}
,"/Users/jokcylou/workspace/personal/svuex/lib/types.ts": {"path":"/Users/jokcylou/workspace/personal/svuex/lib/types.ts","statementMap":{"0":{"start":{"line":65,"column":58},"end":{"line":67,"column":13}},"1":{"start":{"line":66,"column":9},"end":{"line":66,"column":13}},"2":{"start":{"line":67,"column":9},"end":{"line":67,"column":13}}},"fnMap":{"0":{"name":"(anonymous_0)","decl":{"start":{"line":66,"column":6},"end":{"line":66,"column":9}},"loc":{"start":{"line":66,"column":9},"end":{"line":66,"column":13}}},"1":{"name":"(anonymous_1)","decl":{"start":{"line":67,"column":6},"end":{"line":67,"column":9}},"loc":{"start":{"line":67,"column":9},"end":{"line":67,"column":13}}}},"branchMap":{"0":{"loc":{"start":{"line":66,"column":6},"end":{"line":66,"column":13}},"type":"cond-expr","locations":[{"start":{"line":66,"column":6},"end":{"line":66,"column":13}},{"start":{"line":67,"column":6},"end":{"line":67,"column":13}}]}},"s":{"0":16,"1":483,"2":0},"f":{"0":483,"1":0},"b":{"0":[16,0]}}
,"/Users/jokcylou/workspace/personal/svuex/lib/utils.tsx": {"path":"/Users/jokcylou/workspace/personal/svuex/lib/utils.tsx","statementMap":{"0":{"start":{"line":2,"column":0},"end":{"line":2,"column":null}},"1":{"start":{"line":6,"column":4},"end":{"line":6,"column":21}},"2":{"start":{"line":6,"column":15},"end":{"line":6,"column":21}},"3":{"start":{"line":10,"column":4},"end":{"line":23,"column":null}},"4":{"start":{"line":12,"column":8},"end":{"line":12,"column":51}},"5":{"start":{"line":12,"column":44},"end":{"line":12,"column":51}},"6":{"start":{"line":14,"column":8},"end":{"line":22,"column":null}},"7":{"start":{"line":20,"column":12},"end":{"line":20,"column":18}},"8":{"start":{"line":26,"column":58},"end":{"line":26,"column":57}},"9":{"start":{"line":27,"column":4},"end":{"line":29,"column":null}},"10":{"start":{"line":31,"column":4},"end":{"line":36,"column":null}},"11":{"start":{"line":32,"column":8},"end":{"line":32,"column":15}},"12":{"start":{"line":35,"column":8},"end":{"line":35,"column":15}},"13":{"start":{"line":38,"column":21},"end":{"line":38,"column":42}},"14":{"start":{"line":40,"column":4},"end":{"line":40,"column":13}},"15":{"start":{"line":45,"column":4},"end":{"line":45,"column":11}},"16":{"start":{"line":48,"column":18},"end":{"line":48,"column":null}},"17":{"start":{"line":50,"column":35},"end":{"line":50,"column":36}},"18":{"start":{"line":51,"column":32},"end":{"line":51,"column":33}},"19":{"start":{"line":52,"column":25},"end":{"line":52,"column":26}},"20":{"start":{"line":53,"column":25},"end":{"line":53,"column":26}},"21":{"start":{"line":55,"column":47},"end":{"line":55,"column":null}},"22":{"start":{"line":57,"column":4},"end":{"line":60,"column":null}},"23":{"start":{"line":58,"column":8},"end":{"line":58,"column":21}},"24":{"start":{"line":59,"column":8},"end":{"line":59,"column":15}},"25":{"start":{"line":64,"column":21},"end":{"line":64,"column":31}},"26":{"start":{"line":65,"column":29},"end":{"line":65,"column":39}},"27":{"start":{"line":67,"column":4},"end":{"line":67,"column":20}},"28":{"start":{"line":68,"column":8},"end":{"line":73,"column":null}},"29":{"start":{"line":70,"column":12},"end":{"line":70,"column":45}},"30":{"start":{"line":70,"column":37},"end":{"line":70,"column":45}},"31":{"start":{"line":71,"column":15},"end":{"line":73,"column":null}},"32":{"start":{"line":72,"column":12},"end":{"line":72,"column":20}},"33":{"start":{"line":76,"column":4},"end":{"line":76,"column":11}},"34":{"start":{"line":84,"column":54},"end":{"line":84,"column":53}},"35":{"start":{"line":86,"column":8},"end":{"line":86,"column":null}},"36":{"start":{"line":84,"column":54},"end":{"line":85,"column":22}},"37":{"start":{"line":84,"column":54},"end":{"line":85,"column":43}},"38":{"start":{"line":84,"column":54},"end":{"line":84,"column":null}},"39":{"start":{"line":84,"column":54},"end":{"line":85,"column":54}},"40":{"start":{"line":88,"column":21},"end":{"line":93,"column":null}},"41":{"start":{"line":95,"column":4},"end":{"line":95,"column":11}}},"fnMap":{"0":{"name":"invariant","decl":{"start":{"line":5,"column":16},"end":{"line":5,"column":26}},"loc":{"start":{"line":5,"column":56},"end":{"line":7,"column":null}}},"1":{"name":"warning","decl":{"start":{"line":9,"column":16},"end":{"line":9,"column":24}},"loc":{"start":{"line":9,"column":54},"end":{"line":24,"column":null}}},"2":{"name":"renderSlots","decl":{"start":{"line":26,"column":16},"end":{"line":26,"column":28}},"loc":{"start":{"line":26,"column":58},"end":{"line":46,"column":null}}},"3":{"name":"trimTrailingSlashes","decl":{"start":{"line":50,"column":13},"end":{"line":50,"column":32}},"loc":{"start":{"line":50,"column":35},"end":{"line":50,"column":36}}},"4":{"name":"normalizeSlashes","decl":{"start":{"line":51,"column":13},"end":{"line":51,"column":29}},"loc":{"start":{"line":51,"column":32},"end":{"line":51,"column":33}}},"5":{"name":"joinPaths","decl":{"start":{"line":52,"column":13},"end":{"line":52,"column":22}},"loc":{"start":{"line":52,"column":25},"end":{"line":52,"column":26}}},"6":{"name":"splitPath","decl":{"start":{"line":53,"column":13},"end":{"line":53,"column":22}},"loc":{"start":{"line":53,"column":25},"end":{"line":53,"column":26}}},"7":{"name":"warningOnce","decl":{"start":{"line":56,"column":16},"end":{"line":56,"column":28}},"loc":{"start":{"line":56,"column":71},"end":{"line":61,"column":null}}},"8":{"name":"resolvePathname","decl":{"start":{"line":63,"column":9},"end":{"line":63,"column":25}},"loc":{"start":{"line":63,"column":65},"end":{"line":77,"column":null}}},"9":{"name":"(anonymous_9)","decl":{"start":{"line":67,"column":29},"end":{"line":67,"column":36}},"loc":{"start":{"line":67,"column":39},"end":{"line":74,"column":null}}},"10":{"name":"resolvePath","decl":{"start":{"line":84,"column":16},"end":{"line":84,"column":28}},"loc":{"start":{"line":84,"column":54},"end":{"line":96,"column":null}}}},"branchMap":{"0":{"loc":{"start":{"line":6,"column":4},"end":{"line":6,"column":21}},"type":"if","locations":[{"start":{"line":6,"column":4},"end":{"line":6,"column":21}},{"start":{"line":6,"column":4},"end":{"line":6,"column":21}}]},"1":{"loc":{"start":{"line":10,"column":4},"end":{"line":23,"column":null}},"type":"if","locations":[{"start":{"line":10,"column":4},"end":{"line":23,"column":null}},{"start":{"line":10,"column":4},"end":{"line":23,"column":null}}]},"2":{"loc":{"start":{"line":12,"column":8},"end":{"line":12,"column":51}},"type":"if","locations":[{"start":{"line":12,"column":8},"end":{"line":12,"column":51}},{"start":{"line":12,"column":8},"end":{"line":12,"column":51}}]},"3":{"loc":{"start":{"line":26,"column":58},"end":{"line":26,"column":null}},"type":"cond-expr","locations":[{"start":{"line":26,"column":58},"end":{"line":26,"column":null}},{"start":{"line":26,"column":49},"end":{"line":26,"column":58}}]},"4":{"loc":{"start":{"line":26,"column":58},"end":{"line":26,"column":null}},"type":"binary-expr","locations":[{"start":{"line":26,"column":58},"end":{"line":26,"column":null}},{"start":{"line":26,"column":58},"end":{"line":26,"column":null}}]},"5":{"loc":{"start":{"line":27,"column":4},"end":{"line":29,"column":null}},"type":"if","locations":[{"start":{"line":27,"column":4},"end":{"line":29,"column":null}},{"start":{"line":27,"column":4},"end":{"line":29,"column":null}}]},"6":{"loc":{"start":{"line":31,"column":4},"end":{"line":36,"column":null}},"type":"if","locations":[{"start":{"line":31,"column":4},"end":{"line":36,"column":null}},{"start":{"line":31,"column":4},"end":{"line":36,"column":null}}]},"7":{"loc":{"start":{"line":38,"column":21},"end":{"line":38,"column":27}},"type":"binary-expr","locations":[{"start":{"line":38,"column":21},"end":{"line":38,"column":27}},{"start":{"line":38,"column":37},"end":{"line":38,"column":42}}]},"8":{"loc":{"start":{"line":57,"column":4},"end":{"line":60,"column":null}},"type":"if","locations":[{"start":{"line":57,"column":4},"end":{"line":60,"column":null}},{"start":{"line":57,"column":4},"end":{"line":60,"column":null}}]},"9":{"loc":{"start":{"line":57,"column":8},"end":{"line":57,"column":17}},"type":"binary-expr","locations":[{"start":{"line":57,"column":8},"end":{"line":57,"column":17}},{"start":{"line":57,"column":17},"end":{"line":57,"column":32}}]},"10":{"loc":{"start":{"line":68,"column":8},"end":{"line":73,"column":null}},"type":"if","locations":[{"start":{"line":68,"column":8},"end":{"line":73,"column":null}},{"start":{"line":68,"column":8},"end":{"line":73,"column":null}}]},"11":{"loc":{"start":{"line":70,"column":12},"end":{"line":70,"column":45}},"type":"if","locations":[{"start":{"line":70,"column":12},"end":{"line":70,"column":45}},{"start":{"line":70,"column":12},"end":{"line":70,"column":45}}]},"12":{"loc":{"start":{"line":71,"column":15},"end":{"line":73,"column":null}},"type":"if","locations":[{"start":{"line":71,"column":15},"end":{"line":73,"column":null}},{"start":{"line":71,"column":15},"end":{"line":73,"column":null}}]},"13":{"loc":{"start":{"line":76,"column":33},"end":{"line":76,"column":43}},"type":"cond-expr","locations":[{"start":{"line":76,"column":33},"end":{"line":76,"column":43}},{"start":{"line":76,"column":55},"end":{"line":76,"column":null}}]},"14":{"loc":{"start":{"line":84,"column":54},"end":{"line":84,"column":null}},"type":"cond-expr","locations":[{"start":{"line":84,"column":54},"end":{"line":84,"column":null}},{"start":{"line":84,"column":51},"end":{"line":84,"column":54}}]},"15":{"loc":{"start":{"line":84,"column":54},"end":{"line":84,"column":null}},"type":"binary-expr","locations":[{"start":{"line":84,"column":54},"end":{"line":84,"column":null}},{"start":{"line":84,"column":54},"end":{"line":84,"column":null}}]},"16":{"loc":{"start":{"line":86,"column":33},"end":{"line":86,"column":43}},"type":"cond-expr","locations":[{"start":{"line":86,"column":33},"end":{"line":86,"column":43}},{"start":{"line":86,"column":49},"end":{"line":86,"column":null}}]},"17":{"loc":{"start":{"line":85,"column":43},"end":{"line":85,"column":47}},"type":"cond-expr","locations":[{"start":{"line":85,"column":43},"end":{"line":85,"column":47}},{"start":{"line":84,"column":54},"end":{"line":84,"column":null}}]},"18":{"loc":{"start":{"line":85,"column":54},"end":{"line":85,"column":null}},"type":"cond-expr","locations":[{"start":{"line":85,"column":54},"end":{"line":85,"column":null}},{"start":{"line":84,"column":54},"end":{"line":84,"column":null}}]},"19":{"loc":{"start":{"line":89,"column":10},"end":{"line":89,"column":null}},"type":"cond-expr","locations":[{"start":{"line":89,"column":10},"end":{"line":89,"column":null}},{"start":{"line":93,"column":10},"end":{"line":93,"column":null}}]},"20":{"loc":{"start":{"line":91,"column":43},"end":{"line":91,"column":49}},"type":"cond-expr","locations":[{"start":{"line":91,"column":43},"end":{"line":91,"column":49}},{"start":{"line":91,"column":49},"end":{"line":91,"column":null}}]}},"s":{"0":16,"1":343,"2":2,"3":2,"4":1,"5":1,"6":1,"7":1,"8":130,"9":130,"10":130,"11":0,"12":0,"13":130,"14":130,"15":130,"16":16,"17":38,"18":1131,"19":1087,"20":60,"21":16,"22":67,"23":1,"24":1,"25":22,"26":22,"27":22,"28":42,"29":14,"30":13,"31":28,"32":24,"33":22,"34":29,"35":29,"36":29,"37":29,"38":58,"39":29,"40":29,"41":29},"f":{"0":343,"1":2,"2":130,"3":22,"4":1115,"5":1071,"6":44,"7":67,"8":22,"9":42,"10":29},"b":{"0":[2,341],"1":[1,1],"2":[1,0],"3":[0,130],"4":[130,0],"5":[0,130],"6":[0,130],"7":[130,130],"8":[1,66],"9":[67,2],"10":[14,28],"11":[13,1],"12":[24,4],"13":[22,0],"14":[29,0],"15":[29,29],"16":[29,0],"17":[25,4],"18":[26,3],"19":[22,7],"20":[5,17]}}
}
