TN:
SF:/Users/jokcylou/workspace/personal/svuex/lib/Router-dom.tsx
FN:44,createRouter
FN:45,setup
FN:51,(anonymous_18)
FN:62,(anonymous_19)
FN:64,(anonymous_20)
FN:71,(anonymous_21)
FN:94,isModifiedEvent
FN:118,setup
FN:122,(anonymous_24)
FN:124,(anonymous_25)
FN:127,handleClick
FN:148,(anonymous_27)
FN:180,setup
FN:191,(anonymous_29)
FN:192,(anonymous_30)
FN:194,(anonymous_31)
FN:206,usePrompt
FN:207,blocker
FN:218,useSearchParams
FN:233,setSearchParams
FN:240,(anonymous_36)
FN:240,_loop
FN:251,(anonymous_38)
FN:284,createSearchParams
FN:292,(anonymous_40)
FN:296,(anonymous_41)
FNF:26
FNH:18
FNDA:32,createRouter
FNDA:2,setup
FNDA:2,(anonymous_18)
FNDA:2,(anonymous_19)
FNDA:1,(anonymous_20)
FNDA:3,(anonymous_21)
FNDA:6,isModifiedEvent
FNDA:13,setup
FNDA:13,(anonymous_24)
FNDA:5,(anonymous_25)
FNDA:9,handleClick
FNDA:13,(anonymous_27)
FNDA:0,setup
FNDA:0,(anonymous_29)
FNDA:0,(anonymous_30)
FNDA:0,(anonymous_31)
FNDA:0,usePrompt
FNDA:0,blocker
FNDA:1,useSearchParams
FNDA:1,setSearchParams
FNDA:2,(anonymous_36)
FNDA:2,_loop
FNDA:0,(anonymous_38)
FNDA:5,createSearchParams
FNDA:3,(anonymous_40)
FNDA:0,(anonymous_41)
DA:1,16
DA:23,16
DA:24,16
DA:33,16
DA:45,32
DA:50,2
DA:51,2
DA:52,2
DA:57,2
DA:62,2
DA:63,2
DA:64,2
DA:65,1
DA:66,1
DA:71,3
DA:86,16
DA:92,16
DA:95,6
DA:98,16
DA:118,16
DA:121,13
DA:122,13
DA:123,13
DA:124,13
DA:125,13
DA:128,9
DA:129,9
DA:130,9
DA:131,9
DA:137,5
DA:142,5
DA:145,5
DA:148,13
DA:149,13
DA:151,13
DA:153,13
DA:180,16
DA:190,0
DA:191,0
DA:192,0
DA:194,0
DA:207,0
DA:208,0
DA:211,0
DA:219,1
DA:230,1
DA:231,1
DA:233,1
DA:237,1
DA:240,10
DA:241,2
DA:243,2
DA:247,2
DA:249,2
DA:250,2
DA:251,0
DA:252,0
DA:257,2
DA:260,1
DA:285,5
DA:287,5
DA:293,3
DA:294,3
DA:296,0
LF:64
LH:54
BRDA:53,0,0,2
BRDA:53,0,1,0
BRDA:63,1,0,2
BRDA:63,1,1,0
BRDA:95,2,0,6
BRDA:95,2,1,6
BRDA:95,2,2,6
BRDA:95,2,3,5
BRDA:130,3,0,1
BRDA:130,3,1,8
BRDA:131,4,0,5
BRDA:131,4,1,4
BRDA:132,5,0,9
BRDA:132,5,1,8
BRDA:132,5,2,7
BRDA:132,5,3,1
BRDA:132,5,4,6
BRDA:142,6,0,5
BRDA:142,6,1,5
BRDA:151,7,0,0
BRDA:151,7,1,13
BRDA:208,8,0,0
BRDA:208,8,1,0
BRDA:244,9,0,2
BRDA:244,9,1,2
BRDA:250,10,0,0
BRDA:250,10,1,2
BRDA:285,11,0,5
BRDA:285,11,1,0
BRDA:285,12,0,5
BRDA:285,12,1,5
BRDA:291,13,0,2
BRDA:291,13,1,3
BRDA:288,14,0,5
BRDA:288,14,1,3
BRDA:288,14,2,3
BRDA:296,15,0,0
BRDA:296,15,1,3
BRF:38
BRH:30
end_of_record
TN:
SF:/Users/jokcylou/workspace/personal/svuex/lib/Router.tsx
FN:19,setup
FN:39,(anonymous_7)
FN:43,(anonymous_8)
FN:66,setup
FN:86,(anonymous_10)
FN:93,(anonymous_11)
FNF:6
FNH:6
FNDA:50,setup
FNDA:4,(anonymous_7)
FNDA:54,(anonymous_8)
FNDA:60,setup
FNDA:64,(anonymous_10)
FNDA:65,(anonymous_11)
DA:2,16
DA:10,16
DA:11,16
DA:19,16
DA:27,50
DA:28,50
DA:29,50
DA:34,50
DA:39,50
DA:40,4
DA:43,50
DA:44,54
DA:45,54
DA:66,16
DA:85,60
DA:86,60
DA:87,64
DA:88,64
DA:91,60
DA:93,60
DA:94,65
DA:100,64
LF:22
LH:22
BRF:0
BRH:0
end_of_record
TN:
SF:/Users/jokcylou/workspace/personal/svuex/lib/Routes.tsx
FN:40,compilePath
FN:52,(anonymous_18)
FN:76,safelyDecodeURIComponent
FN:97,matchPath
FN:113,(anonymous_21)
FN:121,matchRouteBranch
FN:160,flattenRoutes
FN:167,(anonymous_24)
FN:190,matchRoutes
FN:229,createRoutesFromChildren
FN:232,(anonymous_27)
FN:284,useRoutes_
FN:294,(anonymous_29)
FN:296,(anonymous_30)
FN:331,(anonymous_31)
FN:342,(anonymous_32)
FN:367,renderRoutes
FN:412,(anonymous_34)
FN:442,setup
FN:452,(anonymous_36)
FN:457,(anonymous_37)
FN:482,createRoutesFromArray
FN:485,(anonymous_39)
FN:509,useRoutes
FN:514,(anonymous_41)
FN:517,(anonymous_42)
FN:557,setup
FN:561,(anonymous_44)
FN:575,setup
FN:585,(anonymous_46)
FN:598,setup
FN:612,(anonymous_48)
FN:615,(anonymous_49)
FNF:33
FNH:31
FNDA:520,compilePath
FNDA:149,(anonymous_18)
FNDA:70,safelyDecodeURIComponent
FNDA:520,matchPath
FNDA:70,(anonymous_21)
FNDA:372,matchRouteBranch
FNDA:219,flattenRoutes
FNDA:712,(anonymous_24)
FNDA:99,matchRoutes
FNDA:114,createRoutesFromChildren
FNDA:274,(anonymous_27)
FNDA:62,useRoutes_
FNDA:62,(anonymous_29)
FNDA:67,(anonymous_30)
FNDA:67,(anonymous_31)
FNDA:92,(anonymous_32)
FNDA:0,renderRoutes
FNDA:0,(anonymous_34)
FNDA:53,setup
FNDA:53,(anonymous_36)
FNDA:53,(anonymous_37)
FNDA:36,createRoutesFromArray
FNDA:108,(anonymous_39)
FNDA:9,useRoutes
FNDA:9,(anonymous_41)
FNDA:9,(anonymous_42)
FNDA:32,setup
FNDA:32,(anonymous_44)
FNDA:53,setup
FNDA:57,(anonymous_46)
FNDA:2,setup
FNDA:2,(anonymous_48)
FNDA:2,(anonymous_49)
DA:12,16
DA:14,16
DA:15,16
DA:16,16
DA:27,16
DA:28,16
DA:45,520
DA:47,520
DA:53,149
DA:54,149
DA:58,520
DA:59,29
DA:60,16
DA:62,29
DA:63,29
DA:64,491
DA:65,277
DA:68,520
DA:70,520
DA:71,520
DA:73,520
DA:77,70
DA:78,70
DA:80,0
DA:87,0
DA:99,2600
DA:101,520
DA:102,0
DA:105,520
DA:106,520
DA:107,520
DA:109,520
DA:111,243
DA:112,243
DA:113,243
DA:114,70
DA:115,70
DA:118,243
DA:125,372
DA:126,372
DA:127,372
DA:129,372
DA:130,372
DA:131,520
DA:133,520
DA:136,520
DA:145,520
DA:147,243
DA:148,243
DA:150,243
DA:157,95
DA:165,219
DA:167,219
DA:168,712
DA:169,712
DA:170,712
DA:175,712
DA:176,121
DA:179,712
DA:182,219
DA:193,99
DA:195,99
DA:196,4
DA:199,99
DA:200,99
DA:201,8
DA:202,8
DA:203,7
DA:206,1
DA:210,98
DA:211,98
DA:213,98
DA:214,98
DA:216,372
DA:219,98
DA:230,114
DA:232,114
DA:233,274
DA:236,0
DA:239,274
DA:241,1
DA:242,1
DA:247,0
DA:249,1
DA:250,1
DA:254,273
DA:263,273
DA:264,60
DA:265,60
DA:270,60
DA:272,60
DA:273,60
DA:274,60
DA:278,273
DA:281,114
DA:290,62
DA:291,62
DA:293,62
DA:294,62
DA:296,67
DA:301,67
DA:303,67
DA:305,67
DA:309,67
DA:310,67
DA:322,67
DA:324,67
DA:327,67
DA:328,67
DA:331,62
DA:332,67
DA:333,67
DA:334,67
DA:336,67
DA:338,4
DA:341,63
DA:342,92
DA:343,92
DA:362,63
DA:371,0
DA:381,0
DA:385,0
DA:389,0
DA:390,0
DA:402,0
DA:404,0
DA:406,0
DA:408,0
DA:411,0
DA:412,0
DA:413,0
DA:432,0
DA:442,16
DA:450,53
DA:451,53
DA:454,53
DA:455,53
DA:457,53
DA:485,36
DA:486,108
DA:492,108
DA:493,27
DA:496,108
DA:513,9
DA:515,9
DA:517,9
DA:557,16
DA:560,32
DA:561,32
DA:575,16
DA:585,57
DA:598,16
DA:611,2
DA:612,2
DA:613,2
DA:615,2
LF:156
LH:138
BRDA:58,0,0,29
BRDA:58,0,1,491
BRDA:59,1,0,16
BRDA:59,1,1,13
BRDA:64,2,0,277
BRDA:64,2,1,214
BRDA:68,3,0,303
BRDA:68,3,1,217
BRDA:70,4,0,0
BRDA:70,4,1,520
BRDA:101,5,0,0
BRDA:101,5,1,520
BRDA:105,6,0,211
BRDA:105,6,1,309
BRDA:105,7,0,0
BRDA:105,7,1,520
BRDA:109,8,0,277
BRDA:109,8,1,243
BRDA:134,9,0,374
BRDA:134,9,1,146
BRDA:135,10,0,146
BRDA:135,10,1,42
BRDA:145,11,0,277
BRDA:145,11,1,243
BRDA:165,12,0,121
BRDA:165,12,1,98
BRDA:165,13,0,876
BRDA:165,13,1,484
BRDA:165,14,0,121
BRDA:165,14,1,98
BRDA:165,15,0,121
BRDA:165,15,1,98
BRDA:165,16,0,121
BRDA:165,16,1,98
BRDA:175,17,0,121
BRDA:175,17,1,591
BRDA:193,18,0,69
BRDA:193,18,1,30
BRDA:193,19,0,99
BRDA:193,19,1,69
BRDA:195,20,0,4
BRDA:195,20,1,95
BRDA:199,21,0,99
BRDA:199,21,1,0
BRDA:200,22,0,8
BRDA:200,22,1,91
BRDA:202,23,0,7
BRDA:202,23,1,1
BRDA:203,24,0,3
BRDA:203,24,1,4
BRDA:214,25,0,470
BRDA:214,25,1,375
BRDA:233,26,0,0
BRDA:233,26,1,274
BRDA:239,27,0,1
BRDA:239,27,1,273
BRDA:242,28,0,0
BRDA:242,28,1,1
BRDA:243,29,0,1
BRDA:243,29,1,1
BRDA:243,29,2,0
BRDA:255,30,0,273
BRDA:255,30,1,271
BRDA:255,30,2,2
BRDA:256,31,0,273
BRDA:256,31,1,271
BRDA:263,32,0,60
BRDA:263,32,1,213
BRDA:265,33,0,60
BRDA:265,33,1,0
BRDA:266,34,0,60
BRDA:266,34,1,60
BRDA:266,34,2,60
BRDA:273,35,0,60
BRDA:273,35,1,0
BRDA:294,36,0,62
BRDA:294,36,1,60
BRDA:305,37,0,67
BRDA:305,37,1,0
BRDA:309,38,0,67
BRDA:309,38,1,4
BRDA:312,39,0,67
BRDA:312,39,1,4
BRDA:325,40,0,2
BRDA:325,40,1,65
BRDA:336,41,0,4
BRDA:336,41,1,63
BRDA:371,42,0,0
BRDA:371,42,1,0
BRDA:371,43,0,0
BRDA:371,43,1,0
BRDA:385,44,0,0
BRDA:385,44,1,0
BRDA:389,45,0,0
BRDA:389,45,1,0
BRDA:392,46,0,0
BRDA:392,46,1,0
BRDA:402,47,0,0
BRDA:402,47,1,0
BRDA:406,48,0,0
BRDA:406,48,1,0
BRDA:487,49,0,108
BRDA:487,49,1,0
BRDA:489,50,0,108
BRDA:489,50,1,0
BRDA:492,51,0,27
BRDA:492,51,1,81
BRDA:517,52,0,9
BRDA:517,52,1,9
BRF:109
BRH:83
end_of_record
TN:
SF:/Users/jokcylou/workspace/personal/svuex/lib/context.tsx
FN:56,useHistoryContext
FN:72,useInRouter
FN:78,(anonymous_8)
FN:81,useInRouterInvariant
FN:84,(anonymous_10)
FN:103,useLocation
FN:113,(anonymous_12)
FN:118,useRouteContext
FN:143,useOutlet
FN:146,(anonymous_15)
FN:156,useParams
FN:159,(anonymous_17)
FN:168,useResolvedPath
FN:172,(anonymous_19)
FN:188,setup
FN:198,(anonymous_21)
FN:202,setup
FN:215,(anonymous_23)
FN:218,(anonymous_24)
FN:228,useBlocker
FN:237,(anonymous_26)
FN:241,(anonymous_27)
FN:242,retry
FN:266,useHref
FN:276,(anonymous_30)
FN:295,useNavigate
FN:306,(anonymous_32)
FN:308,(anonymous_33)
FNF:28
FNH:24
FNDA:108,useHistoryContext
FNDA:92,useInRouter
FNDA:98,(anonymous_8)
FNDA:32,useInRouterInvariant
FNDA:38,(anonymous_10)
FNDA:76,useLocation
FNDA:78,(anonymous_12)
FNDA:148,useRouteContext
FNDA:32,useOutlet
FNDA:32,(anonymous_15)
FNDA:9,useParams
FNDA:9,(anonymous_17)
FNDA:26,useResolvedPath
FNDA:18,(anonymous_19)
FNDA:59,setup
FNDA:64,(anonymous_21)
FNDA:87,setup
FNDA:56,(anonymous_23)
FNDA:92,(anonymous_24)
FNDA:0,useBlocker
FNDA:0,(anonymous_26)
FNDA:0,(anonymous_27)
FNDA:0,retry
FNDA:13,useHref
FNDA:13,(anonymous_30)
FNDA:19,useNavigate
FNDA:19,(anonymous_32)
FNDA:11,(anonymous_33)
DA:1,16
DA:25,16
DA:27,16
DA:52,16
DA:53,16
DA:57,108
DA:62,108
DA:69,108
DA:73,92
DA:78,98
DA:82,32
DA:84,32
DA:85,38
DA:112,76
DA:113,78
DA:115,76
DA:119,148
DA:134,148
DA:145,32
DA:146,32
DA:147,32
DA:158,9
DA:159,9
DA:160,9
DA:171,26
DA:172,26
DA:188,16
DA:196,59
DA:197,59
DA:198,64
DA:202,16
DA:214,87
DA:215,87
DA:216,87
DA:218,92
DA:231,0
DA:235,0
DA:237,0
DA:238,0
DA:239,0
DA:241,0
DA:242,0
DA:248,0
DA:249,0
DA:253,0
DA:256,0
DA:269,13
DA:273,13
DA:274,13
DA:276,13
DA:277,13
DA:298,19
DA:302,19
DA:303,19
DA:305,19
DA:306,19
DA:308,19
DA:311,11
DA:312,11
DA:313,11
DA:315,11
DA:316,11
DA:317,0
DA:319,11
DA:320,11
DA:326,0
LF:66
LH:53
BRDA:63,0,0,108
BRDA:63,0,1,108
BRDA:64,1,0,0
BRDA:64,1,1,108
BRDA:78,2,0,98
BRDA:78,2,1,39
BRDA:239,3,0,0
BRDA:239,3,1,0
BRDA:311,4,0,8
BRDA:311,4,1,3
BRDA:311,5,0,11
BRDA:311,5,1,9
BRDA:315,6,0,11
BRDA:315,6,1,0
BRDA:316,7,0,0
BRDA:316,7,1,11
BRDA:320,8,0,2
BRDA:320,8,1,9
BRF:18
BRH:13
end_of_record
TN:
SF:/Users/jokcylou/workspace/personal/svuex/lib/forEachChild.ts
FN:3,forEachChild
FN:22,(anonymous_4)
FNF:2
FNH:2
FNDA:388,forEachChild
FNDA:274,(anonymous_4)
DA:1,16
DA:6,388
DA:13,388
DA:15,388
DA:16,274
DA:17,0
DA:19,274
DA:21,114
DA:22,274
LF:9
LH:8
BRDA:6,0,0,274
BRDA:6,0,1,114
BRDA:6,1,0,388
BRDA:6,1,1,274
BRDA:13,2,0,0
BRDA:13,2,1,388
BRDA:15,3,0,274
BRDA:15,3,1,114
BRDA:16,4,0,0
BRDA:16,4,1,274
BRDA:16,5,0,274
BRDA:16,5,1,1
BRDA:21,6,0,114
BRDA:21,6,1,0
BRF:14
BRH:11
end_of_record
TN:
SF:/Users/jokcylou/workspace/personal/svuex/lib/generate-path.ts
FN:9,generatePath
FN:14,(anonymous_1)
FN:18,(anonymous_2)
FNF:3
FNH:3
FNDA:9,generatePath
FNDA:2,(anonymous_1)
FNDA:3,(anonymous_2)
DA:1,16
DA:11,9
DA:13,9
DA:15,2
DA:16,1
DA:18,3
LF:6
LH:6
BRDA:11,0,0,7
BRDA:11,0,1,2
BRDA:11,1,0,9
BRDA:11,1,1,7
BRDA:19,2,0,1
BRDA:19,2,1,2
BRF:6
BRH:6
end_of_record
TN:
SF:/Users/jokcylou/workspace/personal/svuex/lib/index.ts
FN:3,(anonymous_1)
FN:4,(anonymous_3)
FN:5,(anonymous_5)
FN:6,(anonymous_7)
FN:7,(anonymous_9)
FNF:5
FNH:5
FNDA:422,(anonymous_1)
FNDA:86,(anonymous_3)
FNDA:16,(anonymous_5)
FNDA:252,(anonymous_7)
FNDA:128,(anonymous_9)
DA:1,16
DA:3,886
DA:4,214
DA:5,96
DA:6,1004
DA:7,496
LF:6
LH:6
BRDA:3,0,0,288
BRDA:3,0,1,576
BRDA:4,1,0,64
BRDA:4,1,1,128
BRDA:5,2,0,32
BRDA:5,2,1,64
BRDA:6,3,0,480
BRDA:6,3,1,960
BRDA:7,4,0,224
BRDA:7,4,1,448
BRF:10
BRH:10
end_of_record
TN:
SF:/Users/jokcylou/workspace/personal/svuex/lib/rank-route-branches.ts
FN:8,isSplat
FN:19,computeScore
FN:27,(anonymous_8)
FN:29,(anonymous_9)
FN:40,compareIndexes
FN:42,(anonymous_11)
FN:55,stableSort
FN:60,(anonymous_13)
FN:64,rankRouteBranches
FN:66,(anonymous_15)
FN:75,(anonymous_16)
FNF:11
FNH:11
FNDA:4216,isSplat
FNDA:712,computeScore
FNDA:2110,(anonymous_8)
FNDA:1949,(anonymous_9)
FNDA:210,compareIndexes
FNDA:144,(anonymous_11)
FNDA:98,stableSort
FNDA:1544,(anonymous_13)
FNDA:98,rankRouteBranches
FNDA:712,(anonymous_15)
FNDA:1544,(anonymous_16)
DA:3,16
DA:4,16
DA:5,16
DA:6,16
DA:7,16
DA:8,4232
DA:20,712
DA:21,712
DA:22,712
DA:23,158
DA:26,712
DA:27,2110
DA:29,1949
DA:42,210
DA:44,210
DA:58,98
DA:59,98
DA:60,1544
DA:65,98
DA:66,1424
DA:67,712
DA:68,712
DA:75,9264
DA:77,1544
DA:80,1544
DA:82,1544
LF:26
LH:26
BRDA:22,0,0,158
BRDA:22,0,1,554
BRDA:32,1,0,247
BRDA:32,1,1,1702
BRDA:34,2,0,809
BRDA:34,2,1,893
BRDA:42,3,0,210
BRDA:42,3,1,210
BRDA:49,4,0,102
BRDA:49,4,1,108
BRDA:60,5,0,1544
BRDA:60,5,1,108
BRDA:83,6,0,1334
BRDA:83,6,1,210
BRF:14
BRH:14
end_of_record
TN:
SF:/Users/jokcylou/workspace/personal/svuex/lib/types.ts
FN:66,(anonymous_0)
FN:67,(anonymous_1)
FNF:2
FNH:1
FNDA:483,(anonymous_0)
FNDA:0,(anonymous_1)
DA:65,16
DA:66,483
DA:67,0
LF:3
LH:2
BRDA:66,0,0,16
BRDA:66,0,1,0
BRF:2
BRH:1
end_of_record
TN:
SF:/Users/jokcylou/workspace/personal/svuex/lib/utils.tsx
FN:5,invariant
FN:9,warning
FN:26,renderSlots
FN:50,trimTrailingSlashes
FN:51,normalizeSlashes
FN:52,joinPaths
FN:53,splitPath
FN:56,warningOnce
FN:63,resolvePathname
FN:67,(anonymous_9)
FN:84,resolvePath
FNF:11
FNH:11
FNDA:343,invariant
FNDA:2,warning
FNDA:130,renderSlots
FNDA:22,trimTrailingSlashes
FNDA:1115,normalizeSlashes
FNDA:1071,joinPaths
FNDA:44,splitPath
FNDA:67,warningOnce
FNDA:22,resolvePathname
FNDA:42,(anonymous_9)
FNDA:29,resolvePath
DA:2,16
DA:6,343
DA:10,2
DA:12,1
DA:14,1
DA:20,1
DA:26,130
DA:27,130
DA:31,130
DA:32,0
DA:35,0
DA:38,130
DA:40,130
DA:45,130
DA:48,16
DA:50,38
DA:51,1131
DA:52,1087
DA:53,60
DA:55,16
DA:57,67
DA:58,1
DA:59,1
DA:64,22
DA:65,22
DA:67,22
DA:68,42
DA:70,14
DA:71,28
DA:72,24
DA:76,22
DA:84,58
DA:86,29
DA:88,29
DA:95,29
LF:35
LH:33
BRDA:6,0,0,2
BRDA:6,0,1,341
BRDA:10,1,0,1
BRDA:10,1,1,1
BRDA:12,2,0,1
BRDA:12,2,1,0
BRDA:26,3,0,0
BRDA:26,3,1,130
BRDA:26,4,0,130
BRDA:26,4,1,0
BRDA:27,5,0,0
BRDA:27,5,1,130
BRDA:31,6,0,0
BRDA:31,6,1,130
BRDA:38,7,0,130
BRDA:38,7,1,130
BRDA:57,8,0,1
BRDA:57,8,1,66
BRDA:57,9,0,67
BRDA:57,9,1,2
BRDA:68,10,0,14
BRDA:68,10,1,28
BRDA:70,11,0,13
BRDA:70,11,1,1
BRDA:71,12,0,24
BRDA:71,12,1,4
BRDA:76,13,0,22
BRDA:76,13,1,0
BRDA:84,14,0,29
BRDA:84,14,1,0
BRDA:84,15,0,29
BRDA:84,15,1,29
BRDA:86,16,0,29
BRDA:86,16,1,0
BRDA:85,17,0,25
BRDA:85,17,1,4
BRDA:85,18,0,26
BRDA:85,18,1,3
BRDA:89,19,0,22
BRDA:89,19,1,7
BRDA:91,20,0,5
BRDA:91,20,1,17
BRF:42
BRH:34
end_of_record
